
*** Running vivado
    with args -log train_classes.vds -m64 -product Vivado -mode batch -messageDb vivado.pb -notrace -source train_classes.tcl


****** Vivado v2018.2 (64-bit)
  **** SW Build 2258646 on Thu Jun 14 20:02:38 MDT 2018
  **** IP Build 2256618 on Thu Jun 14 22:10:49 MDT 2018
    ** Copyright 1986-2018 Xilinx, Inc. All Rights Reserved.

source train_classes.tcl -notrace
Command: synth_design -top train_classes -part xc7a35tcpg236-1 -mode out_of_context
Starting synth_design
Attempting to get a license for feature 'Synthesis' and/or device 'xc7a35t'
INFO: [Common 17-349] Got license for feature 'Synthesis' and/or device 'xc7a35t'
INFO: Launching helper process for spawning children vivado processes
INFO: Helper process launched with PID 6357 
---------------------------------------------------------------------------------
Starting RTL Elaboration : Time (s): cpu = 00:00:02 ; elapsed = 00:00:02 . Memory (MB): peak = 1266.355 ; gain = 83.863 ; free physical = 2897 ; free virtual = 9562
---------------------------------------------------------------------------------
INFO: [Synth 8-638] synthesizing module 'train_classes' [/home/josecoelho/Documents/IST/PSD/Labs/Lab3/psd-proj3/Lab3.srcs/sources_1/ip/train_classes/synth/train_classes.vhd:69]
	Parameter C_FAMILY bound to: artix7 - type: string 
	Parameter C_ADDR_WIDTH bound to: 7 - type: integer 
	Parameter C_DEFAULT_DATA bound to: 0 - type: string 
	Parameter C_DEPTH bound to: 112 - type: integer 
	Parameter C_HAS_CLK bound to: 1 - type: integer 
	Parameter C_HAS_D bound to: 1 - type: integer 
	Parameter C_HAS_DPO bound to: 0 - type: integer 
	Parameter C_HAS_DPRA bound to: 0 - type: integer 
	Parameter C_HAS_I_CE bound to: 0 - type: integer 
	Parameter C_HAS_QDPO bound to: 0 - type: integer 
	Parameter C_HAS_QDPO_CE bound to: 0 - type: integer 
	Parameter C_HAS_QDPO_CLK bound to: 0 - type: integer 
	Parameter C_HAS_QDPO_RST bound to: 0 - type: integer 
	Parameter C_HAS_QDPO_SRST bound to: 0 - type: integer 
	Parameter C_HAS_QSPO bound to: 1 - type: integer 
	Parameter C_HAS_QSPO_CE bound to: 0 - type: integer 
	Parameter C_HAS_QSPO_RST bound to: 0 - type: integer 
	Parameter C_HAS_QSPO_SRST bound to: 0 - type: integer 
	Parameter C_HAS_SPO bound to: 0 - type: integer 
	Parameter C_HAS_WE bound to: 1 - type: integer 
	Parameter C_MEM_INIT_FILE bound to: train_classes.mif - type: string 
	Parameter C_ELABORATION_DIR bound to: ./ - type: string 
	Parameter C_MEM_TYPE bound to: 1 - type: integer 
	Parameter C_PIPELINE_STAGES bound to: 0 - type: integer 
	Parameter C_QCE_JOINED bound to: 0 - type: integer 
	Parameter C_QUALIFY_WE bound to: 0 - type: integer 
	Parameter C_READ_MIF bound to: 1 - type: integer 
	Parameter C_REG_A_D_INPUTS bound to: 0 - type: integer 
	Parameter C_REG_DPRA_INPUT bound to: 0 - type: integer 
	Parameter C_SYNC_ENABLE bound to: 1 - type: integer 
	Parameter C_WIDTH bound to: 2 - type: integer 
	Parameter C_PARSER_TYPE bound to: 1 - type: integer 
INFO: [Synth 8-3491] module 'dist_mem_gen_v8_0_12' declared at '/home/josecoelho/Documents/IST/PSD/Labs/Lab3/psd-proj3/Lab3.srcs/sources_1/ip/train_classes/hdl/dist_mem_gen_v8_0_vhsyn_rfs.vhd:3237' bound to instance 'U0' of component 'dist_mem_gen_v8_0_12' [/home/josecoelho/Documents/IST/PSD/Labs/Lab3/psd-proj3/Lab3.srcs/sources_1/ip/train_classes/synth/train_classes.vhd:135]
INFO: [Synth 8-256] done synthesizing module 'train_classes' (4#1) [/home/josecoelho/Documents/IST/PSD/Labs/Lab3/psd-proj3/Lab3.srcs/sources_1/ip/train_classes/synth/train_classes.vhd:69]
WARNING: [Synth 8-3331] design spram has unconnected port spo[1]
WARNING: [Synth 8-3331] design spram has unconnected port spo[0]
WARNING: [Synth 8-3331] design spram has unconnected port i_ce
WARNING: [Synth 8-3331] design spram has unconnected port qspo_ce
WARNING: [Synth 8-3331] design spram has unconnected port qspo_rst
WARNING: [Synth 8-3331] design spram has unconnected port qspo_srst
WARNING: [Synth 8-3331] design dist_mem_gen_v8_0_12_synth has unconnected port dpo[1]
WARNING: [Synth 8-3331] design dist_mem_gen_v8_0_12_synth has unconnected port dpo[0]
WARNING: [Synth 8-3331] design dist_mem_gen_v8_0_12_synth has unconnected port qdpo[1]
WARNING: [Synth 8-3331] design dist_mem_gen_v8_0_12_synth has unconnected port qdpo[0]
WARNING: [Synth 8-3331] design dist_mem_gen_v8_0_12_synth has unconnected port dpra[6]
WARNING: [Synth 8-3331] design dist_mem_gen_v8_0_12_synth has unconnected port dpra[5]
WARNING: [Synth 8-3331] design dist_mem_gen_v8_0_12_synth has unconnected port dpra[4]
WARNING: [Synth 8-3331] design dist_mem_gen_v8_0_12_synth has unconnected port dpra[3]
WARNING: [Synth 8-3331] design dist_mem_gen_v8_0_12_synth has unconnected port dpra[2]
WARNING: [Synth 8-3331] design dist_mem_gen_v8_0_12_synth has unconnected port dpra[1]
WARNING: [Synth 8-3331] design dist_mem_gen_v8_0_12_synth has unconnected port dpra[0]
WARNING: [Synth 8-3331] design dist_mem_gen_v8_0_12_synth has unconnected port qdpo_ce
WARNING: [Synth 8-3331] design dist_mem_gen_v8_0_12_synth has unconnected port qdpo_clk
WARNING: [Synth 8-3331] design dist_mem_gen_v8_0_12_synth has unconnected port qdpo_rst
WARNING: [Synth 8-3331] design dist_mem_gen_v8_0_12_synth has unconnected port qdpo_srst
WARNING: [Synth 8-3331] design dist_mem_gen_v8_0_12 has unconnected port dpra[6]
WARNING: [Synth 8-3331] design dist_mem_gen_v8_0_12 has unconnected port dpra[5]
WARNING: [Synth 8-3331] design dist_mem_gen_v8_0_12 has unconnected port dpra[4]
WARNING: [Synth 8-3331] design dist_mem_gen_v8_0_12 has unconnected port dpra[3]
WARNING: [Synth 8-3331] design dist_mem_gen_v8_0_12 has unconnected port dpra[2]
WARNING: [Synth 8-3331] design dist_mem_gen_v8_0_12 has unconnected port dpra[1]
WARNING: [Synth 8-3331] design dist_mem_gen_v8_0_12 has unconnected port dpra[0]
WARNING: [Synth 8-3331] design dist_mem_gen_v8_0_12 has unconnected port i_ce
WARNING: [Synth 8-3331] design dist_mem_gen_v8_0_12 has unconnected port qspo_ce
WARNING: [Synth 8-3331] design dist_mem_gen_v8_0_12 has unconnected port qdpo_ce
WARNING: [Synth 8-3331] design dist_mem_gen_v8_0_12 has unconnected port qdpo_clk
WARNING: [Synth 8-3331] design dist_mem_gen_v8_0_12 has unconnected port qspo_rst
WARNING: [Synth 8-3331] design dist_mem_gen_v8_0_12 has unconnected port qdpo_rst
WARNING: [Synth 8-3331] design dist_mem_gen_v8_0_12 has unconnected port qspo_srst
WARNING: [Synth 8-3331] design dist_mem_gen_v8_0_12 has unconnected port qdpo_srst
---------------------------------------------------------------------------------
Finished RTL Elaboration : Time (s): cpu = 00:00:03 ; elapsed = 00:00:03 . Memory (MB): peak = 1312.980 ; gain = 130.488 ; free physical = 2907 ; free virtual = 9573
---------------------------------------------------------------------------------

Report Check Netlist: 
+------+------------------+-------+---------+-------+------------------+
|      |Item              |Errors |Warnings |Status |Description       |
+------+------------------+-------+---------+-------+------------------+
|1     |multi_driven_nets |      0|        0|Passed |Multi driven nets |
+------+------------------+-------+---------+-------+------------------+
---------------------------------------------------------------------------------
Start Handling Custom Attributes
---------------------------------------------------------------------------------
---------------------------------------------------------------------------------
Finished Handling Custom Attributes : Time (s): cpu = 00:00:03 ; elapsed = 00:00:03 . Memory (MB): peak = 1312.980 ; gain = 130.488 ; free physical = 2907 ; free virtual = 9572
---------------------------------------------------------------------------------
---------------------------------------------------------------------------------
Finished RTL Optimization Phase 1 : Time (s): cpu = 00:00:03 ; elapsed = 00:00:03 . Memory (MB): peak = 1312.980 ; gain = 130.488 ; free physical = 2907 ; free virtual = 9572
---------------------------------------------------------------------------------
INFO: [Device 21-403] Loading part xc7a35tcpg236-1
INFO: [Project 1-570] Preparing netlist for logic optimization

Processing XDC Constraints
Initializing timing engine
Parsing XDC File [/home/josecoelho/Documents/IST/PSD/Labs/Lab3/psd-proj3/Lab3.srcs/sources_1/ip/train_classes/train_classes_ooc.xdc] for cell 'U0'
Finished Parsing XDC File [/home/josecoelho/Documents/IST/PSD/Labs/Lab3/psd-proj3/Lab3.srcs/sources_1/ip/train_classes/train_classes_ooc.xdc] for cell 'U0'
Parsing XDC File [/home/josecoelho/Documents/IST/PSD/Labs/Lab3/psd-proj3/Lab3.runs/train_classes_synth_1/dont_touch.xdc]
Finished Parsing XDC File [/home/josecoelho/Documents/IST/PSD/Labs/Lab3/psd-proj3/Lab3.runs/train_classes_synth_1/dont_touch.xdc]
Completed Processing XDC Constraints

INFO: [Project 1-111] Unisim Transformation Summary:
No Unisim elements were transformed.

Constraint Validation Runtime : Time (s): cpu = 00:00:00.01 ; elapsed = 00:00:00.02 . Memory (MB): peak = 1592.363 ; gain = 0.000 ; free physical = 2689 ; free virtual = 9355
---------------------------------------------------------------------------------
Finished Constraint Validation : Time (s): cpu = 00:00:10 ; elapsed = 00:00:19 . Memory (MB): peak = 1592.363 ; gain = 409.871 ; free physical = 2752 ; free virtual = 9423
---------------------------------------------------------------------------------
---------------------------------------------------------------------------------
Start Loading Part and Timing Information
---------------------------------------------------------------------------------
Loading part: xc7a35tcpg236-1
---------------------------------------------------------------------------------
Finished Loading Part and Timing Information : Time (s): cpu = 00:00:10 ; elapsed = 00:00:19 . Memory (MB): peak = 1592.363 ; gain = 409.871 ; free physical = 2752 ; free virtual = 9423
---------------------------------------------------------------------------------
---------------------------------------------------------------------------------
Start Applying 'set_property' XDC Constraints
---------------------------------------------------------------------------------
Applied set_property DONT_TOUCH = true for U0. (constraint file  /home/josecoelho/Documents/IST/PSD/Labs/Lab3/psd-proj3/Lab3.runs/train_classes_synth_1/dont_touch.xdc, line 9).
---------------------------------------------------------------------------------
Finished applying 'set_property' XDC Constraints : Time (s): cpu = 00:00:10 ; elapsed = 00:00:19 . Memory (MB): peak = 1592.363 ; gain = 409.871 ; free physical = 2754 ; free virtual = 9425
---------------------------------------------------------------------------------
---------------------------------------------------------------------------------
Finished RTL Optimization Phase 2 : Time (s): cpu = 00:00:11 ; elapsed = 00:00:19 . Memory (MB): peak = 1592.363 ; gain = 409.871 ; free physical = 2757 ; free virtual = 9429
---------------------------------------------------------------------------------

Report RTL Partitions: 
+-+--------------+------------+----------+
| |RTL Partition |Replication |Instances |
+-+--------------+------------+----------+
+-+--------------+------------+----------+
---------------------------------------------------------------------------------
Start RTL Component Statistics 
---------------------------------------------------------------------------------
Detailed RTL Component Info : 
+---Registers : 
	                2 Bit    Registers := 1     
---------------------------------------------------------------------------------
Finished RTL Component Statistics 
---------------------------------------------------------------------------------
---------------------------------------------------------------------------------
Start RTL Hierarchical Component Statistics 
---------------------------------------------------------------------------------
Hierarchical RTL Component report 
Module spram 
Detailed RTL Component Info : 
+---Registers : 
	                2 Bit    Registers := 1     
---------------------------------------------------------------------------------
Finished RTL Hierarchical Component Statistics
---------------------------------------------------------------------------------
---------------------------------------------------------------------------------
Start Part Resource Summary
---------------------------------------------------------------------------------
Part Resources:
DSPs: 90 (col length:60)
BRAMs: 100 (col length: RAMB18 60 RAMB36 30)
---------------------------------------------------------------------------------
Finished Part Resource Summary
---------------------------------------------------------------------------------
---------------------------------------------------------------------------------
Start Cross Boundary and Area Optimization
---------------------------------------------------------------------------------
Warning: Parallel synthesis criteria is not met 
WARNING: [Synth 8-3331] design dist_mem_gen_v8_0_12 has unconnected port spo[1]
WARNING: [Synth 8-3331] design dist_mem_gen_v8_0_12 has unconnected port spo[0]
WARNING: [Synth 8-3331] design dist_mem_gen_v8_0_12 has unconnected port dpo[1]
WARNING: [Synth 8-3331] design dist_mem_gen_v8_0_12 has unconnected port dpo[0]
WARNING: [Synth 8-3331] design dist_mem_gen_v8_0_12 has unconnected port qdpo[1]
WARNING: [Synth 8-3331] design dist_mem_gen_v8_0_12 has unconnected port qdpo[0]
WARNING: [Synth 8-3331] design dist_mem_gen_v8_0_12 has unconnected port dpra[6]
WARNING: [Synth 8-3331] design dist_mem_gen_v8_0_12 has unconnected port dpra[5]
WARNING: [Synth 8-3331] design dist_mem_gen_v8_0_12 has unconnected port dpra[4]
WARNING: [Synth 8-3331] design dist_mem_gen_v8_0_12 has unconnected port dpra[3]
WARNING: [Synth 8-3331] design dist_mem_gen_v8_0_12 has unconnected port dpra[2]
WARNING: [Synth 8-3331] design dist_mem_gen_v8_0_12 has unconnected port dpra[1]
WARNING: [Synth 8-3331] design dist_mem_gen_v8_0_12 has unconnected port dpra[0]
WARNING: [Synth 8-3331] design dist_mem_gen_v8_0_12 has unconnected port i_ce
WARNING: [Synth 8-3331] design dist_mem_gen_v8_0_12 has unconnected port qspo_ce
WARNING: [Synth 8-3331] design dist_mem_gen_v8_0_12 has unconnected port qdpo_ce
WARNING: [Synth 8-3331] design dist_mem_gen_v8_0_12 has unconnected port qdpo_clk
WARNING: [Synth 8-3331] design dist_mem_gen_v8_0_12 has unconnected port qspo_rst
WARNING: [Synth 8-3331] design dist_mem_gen_v8_0_12 has unconnected port qdpo_rst
WARNING: [Synth 8-3331] design dist_mem_gen_v8_0_12 has unconnected port qspo_srst
WARNING: [Synth 8-3331] design dist_mem_gen_v8_0_12 has unconnected port qdpo_srst
---------------------------------------------------------------------------------
Finished Cross Boundary and Area Optimization : Time (s): cpu = 00:00:11 ; elapsed = 00:00:20 . Memory (MB): peak = 1592.363 ; gain = 409.871 ; free physical = 2738 ; free virtual = 9411
---------------------------------------------------------------------------------
---------------------------------------------------------------------------------
Start ROM, RAM, DSP and Shift Register Reporting
---------------------------------------------------------------------------------

Distributed RAM: Preliminary Mapping  Report (see note below)
+------------+-----------------------------------------------------------+----------------+----------------------+--------------------------------------------+
|Module Name | RTL Object                                                | Inference      | Size (Depth x Width) | Primitives                                 | 
+------------+-----------------------------------------------------------+----------------+----------------------+--------------------------------------------+
|U0          | synth_options.dist_mem_inst/gen_sp_ram.spram_inst/ram_reg | User Attribute | 128 x 2              | RAM16X1S x 2  RAM32X1S x 2  RAM64X1S x 2   | 
+------------+-----------------------------------------------------------+----------------+----------------------+--------------------------------------------+

Note: The table above is a preliminary report that shows the Distributed RAMs at the current stage of the synthesis flow. Some Distributed RAMs may be reimplemented as non Distributed RAM primitives later in the synthesis flow. Multiple instantiated RAMs are reported only once.
---------------------------------------------------------------------------------
Finished ROM, RAM, DSP and Shift Register Reporting
---------------------------------------------------------------------------------

Report RTL Partitions: 
+-+--------------+------------+----------+
| |RTL Partition |Replication |Instances |
+-+--------------+------------+----------+
+-+--------------+------------+----------+
---------------------------------------------------------------------------------
Start Applying XDC Timing Constraints
---------------------------------------------------------------------------------
---------------------------------------------------------------------------------
Finished Applying XDC Timing Constraints : Time (s): cpu = 00:00:17 ; elapsed = 00:00:28 . Memory (MB): peak = 1600.348 ; gain = 417.855 ; free physical = 2432 ; free virtual = 9177
---------------------------------------------------------------------------------
---------------------------------------------------------------------------------
Start Timing Optimization
---------------------------------------------------------------------------------
---------------------------------------------------------------------------------
Finished Timing Optimization : Time (s): cpu = 00:00:17 ; elapsed = 00:00:28 . Memory (MB): peak = 1600.348 ; gain = 417.855 ; free physical = 2432 ; free virtual = 9177
---------------------------------------------------------------------------------
---------------------------------------------------------------------------------
Start ROM, RAM, DSP and Shift Register Reporting
---------------------------------------------------------------------------------

Distributed RAM: Final Mapping  Report
+------------+-----------------------------------------------------------+----------------+----------------------+--------------------------------------------+
|Module Name | RTL Object                                                | Inference      | Size (Depth x Width) | Primitives                                 | 
+------------+-----------------------------------------------------------+----------------+----------------------+--------------------------------------------+
|U0          | synth_options.dist_mem_inst/gen_sp_ram.spram_inst/ram_reg | User Attribute | 128 x 2              | RAM16X1S x 2  RAM32X1S x 2  RAM64X1S x 2   | 
+------------+-----------------------------------------------------------+----------------+----------------------+--------------------------------------------+

---------------------------------------------------------------------------------
Finished ROM, RAM, DSP and Shift Register Reporting
---------------------------------------------------------------------------------

Report RTL Partitions: 
+-+--------------+------------+----------+
| |RTL Partition |Replication |Instances |
+-+--------------+------------+----------+
+-+--------------+------------+----------+
---------------------------------------------------------------------------------
Start Technology Mapping
---------------------------------------------------------------------------------
---------------------------------------------------------------------------------
Finished Technology Mapping : Time (s): cpu = 00:00:17 ; elapsed = 00:00:28 . Memory (MB): peak = 1610.363 ; gain = 427.871 ; free physical = 2432 ; free virtual = 9177
---------------------------------------------------------------------------------

Report RTL Partitions: 
+-+--------------+------------+----------+
| |RTL Partition |Replication |Instances |
+-+--------------+------------+----------+
+-+--------------+------------+----------+
---------------------------------------------------------------------------------
Start IO Insertion
---------------------------------------------------------------------------------
---------------------------------------------------------------------------------
Start Flattening Before IO Insertion
---------------------------------------------------------------------------------
---------------------------------------------------------------------------------
Finished Flattening Before IO Insertion
---------------------------------------------------------------------------------
---------------------------------------------------------------------------------
Start Final Netlist Cleanup
---------------------------------------------------------------------------------
---------------------------------------------------------------------------------
Finished Final Netlist Cleanup
---------------------------------------------------------------------------------
---------------------------------------------------------------------------------
Finished IO Insertion : Time (s): cpu = 00:00:17 ; elapsed = 00:00:28 . Memory (MB): peak = 1610.363 ; gain = 427.871 ; free physical = 2389 ; free virtual = 9134
---------------------------------------------------------------------------------

Report Check Netlist: 
+------+------------------+-------+---------+-------+------------------+
|      |Item              |Errors |Warnings |Status |Description       |
+------+------------------+-------+---------+-------+------------------+
|1     |multi_driven_nets |      0|        0|Passed |Multi driven nets |
+------+------------------+-------+---------+-------+------------------+
---------------------------------------------------------------------------------
Start Renaming Generated Instances
---------------------------------------------------------------------------------
---------------------------------------------------------------------------------
Finished Renaming Generated Instances : Time (s): cpu = 00:00:17 ; elapsed = 00:00:28 . Memory (MB): peak = 1610.363 ; gain = 427.871 ; free physical = 2390 ; free virtual = 9135
---------------------------------------------------------------------------------

Report RTL Partitions: 
+-+--------------+------------+----------+
| |RTL Partition |Replication |Instances |
+-+--------------+------------+----------+
+-+--------------+------------+----------+
---------------------------------------------------------------------------------
Start Rebuilding User Hierarchy
---------------------------------------------------------------------------------
---------------------------------------------------------------------------------
Finished Rebuilding User Hierarchy : Time (s): cpu = 00:00:17 ; elapsed = 00:00:28 . Memory (MB): peak = 1610.363 ; gain = 427.871 ; free physical = 2390 ; free virtual = 9135
---------------------------------------------------------------------------------
---------------------------------------------------------------------------------
Start Renaming Generated Ports
---------------------------------------------------------------------------------
---------------------------------------------------------------------------------
Finished Renaming Generated Ports : Time (s): cpu = 00:00:17 ; elapsed = 00:00:28 . Memory (MB): peak = 1610.363 ; gain = 427.871 ; free physical = 2390 ; free virtual = 9136
---------------------------------------------------------------------------------
---------------------------------------------------------------------------------
Start Handling Custom Attributes
---------------------------------------------------------------------------------
---------------------------------------------------------------------------------
Finished Handling Custom Attributes : Time (s): cpu = 00:00:17 ; elapsed = 00:00:28 . Memory (MB): peak = 1610.363 ; gain = 427.871 ; free physical = 2390 ; free virtual = 9135
---------------------------------------------------------------------------------
---------------------------------------------------------------------------------
Start Renaming Generated Nets
---------------------------------------------------------------------------------
---------------------------------------------------------------------------------
Finished Renaming Generated Nets : Time (s): cpu = 00:00:17 ; elapsed = 00:00:28 . Memory (MB): peak = 1610.363 ; gain = 427.871 ; free physical = 2390 ; free virtual = 9136
---------------------------------------------------------------------------------
---------------------------------------------------------------------------------
Start Writing Synthesis Report
---------------------------------------------------------------------------------

Report BlackBoxes: 
+-+--------------+----------+
| |BlackBox name |Instances |
+-+--------------+----------+
+-+--------------+----------+

Report Cell Usage: 
+------+---------+------+
|      |Cell     |Count |
+------+---------+------+
|1     |LUT2     |     1|
|2     |LUT3     |     1|
|3     |LUT4     |     1|
|4     |LUT6     |     2|
|5     |RAM16X1S |     2|
|6     |RAM32X1S |     2|
|7     |RAM64X1S |     2|
|8     |FDRE     |     2|
+------+---------+------+

Report Instance Areas: 
+------+----------------------------------+---------------------------+------+
|      |Instance                          |Module                     |Cells |
+------+----------------------------------+---------------------------+------+
|1     |top                               |                           |    13|
|2     |  U0                              |dist_mem_gen_v8_0_12       |    13|
|3     |    \synth_options.dist_mem_inst  |dist_mem_gen_v8_0_12_synth |    13|
|4     |      \gen_sp_ram.spram_inst      |spram                      |    13|
+------+----------------------------------+---------------------------+------+
---------------------------------------------------------------------------------
Finished Writing Synthesis Report : Time (s): cpu = 00:00:17 ; elapsed = 00:00:28 . Memory (MB): peak = 1610.363 ; gain = 427.871 ; free physical = 2391 ; free virtual = 9136
---------------------------------------------------------------------------------
Synthesis finished with 0 errors, 0 critical warnings and 21 warnings.
Synthesis Optimization Runtime : Time (s): cpu = 00:00:11 ; elapsed = 00:00:15 . Memory (MB): peak = 1610.363 ; gain = 148.488 ; free physical = 2441 ; free virtual = 9187
Synthesis Optimization Complete : Time (s): cpu = 00:00:17 ; elapsed = 00:00:28 . Memory (MB): peak = 1610.371 ; gain = 427.871 ; free physical = 2441 ; free virtual = 9187
INFO: [Project 1-571] Translating synthesized netlist
INFO: [Netlist 29-17] Analyzing 6 Unisim elements for replacement
INFO: [Netlist 29-28] Unisim Transformation completed in 0 CPU seconds
INFO: [Project 1-570] Preparing netlist for logic optimization
INFO: [Opt 31-138] Pushed 0 inverter(s) to 0 load pin(s).
INFO: [Project 1-111] Unisim Transformation Summary:
  A total of 6 instances were transformed.
  RAM16X1S => RAM32X1S (RAMS32): 2 instances
  RAM32X1S => RAM32X1S (RAMS32): 2 instances
  RAM64X1S => RAM64X1S (RAMS64E): 2 instances

INFO: [Common 17-83] Releasing license: Synthesis
14 Infos, 57 Warnings, 0 Critical Warnings and 0 Errors encountered.
synth_design completed successfully
synth_design: Time (s): cpu = 00:00:19 ; elapsed = 00:00:29 . Memory (MB): peak = 1615.363 ; gain = 444.461 ; free physical = 2394 ; free virtual = 9136
WARNING: [Constraints 18-5210] No constraint will be written out.
INFO: [Common 17-1381] The checkpoint '/home/josecoelho/Documents/IST/PSD/Labs/Lab3/psd-proj3/Lab3.runs/train_classes_synth_1/train_classes.dcp' has been generated.
INFO: [Coretcl 2-1482] Added synthesis output to IP cache for IP /home/josecoelho/Documents/IST/PSD/Labs/Lab3/psd-proj3/Lab3.srcs/sources_1/ip/train_classes/train_classes.xci
INFO: [Coretcl 2-1174] Renamed 3 cell refs.
WARNING: [Constraints 18-5210] No constraint will be written out.
INFO: [Common 17-1381] The checkpoint '/home/josecoelho/Documents/IST/PSD/Labs/Lab3/psd-proj3/Lab3.runs/train_classes_synth_1/train_classes.dcp' has been generated.
INFO: [runtcl-4] Executing : report_utilization -file train_classes_utilization_synth.rpt -pb train_classes_utilization_synth.pb
report_utilization: Time (s): cpu = 00:00:00.07 ; elapsed = 00:00:00.10 . Memory (MB): peak = 1615.363 ; gain = 0.000 ; free physical = 2395 ; free virtual = 9136
INFO: [Common 17-206] Exiting Vivado at Wed Dec 12 14:24:24 2018...
