Vivado Simulator 2018.2
Time resolution is 1 ps
WARNING: This core is supplied with a behavioral model. To model cycle-accurate behavior you must run timing simulation.
 Block Memory Generator module loading initial data...
 Block Memory Generator data initialization complete.
Block Memory Generator module circuit_tb.uut.inst_train_features.inst.native_mem_module.blk_mem_gen_v8_4_1_inst is using a behavioral model for simulation which will not precisely model memory collision behavior.
WARNING: This core is supplied with a behavioral model. To model cycle-accurate behavior you must run timing simulation.
 Block Memory Generator module loading initial data...
 Block Memory Generator data initialization complete.
Block Memory Generator module circuit_tb.uut.inst_train_features.inst.native_mem_module.blk_mem_gen_v8_4_1_inst is using a behavioral model for simulation which will not precisely model memory collision behavior.
blk_mem_gen_v8_4_1 WARNING: Address 6c is outside range for A Read
blk_mem_gen_v8_4_1 WARNING: Address 6c is outside range for B Read
blk_mem_gen_v8_4_1 WARNING: Address 6d is outside range for A Read
blk_mem_gen_v8_4_1 WARNING: Address 6d is outside range for B Read
blk_mem_gen_v8_4_1 WARNING: Address 6d is outside range for A Read
blk_mem_gen_v8_4_1 WARNING: Address 6d is outside range for B Read
blk_mem_gen_v8_4_1 WARNING: Address 6d is outside range for A Read
blk_mem_gen_v8_4_1 WARNING: Address 6d is outside range for B Read
blk_mem_gen_v8_4_1 WARNING: Address 6d is outside range for A Read
blk_mem_gen_v8_4_1 WARNING: Address 6d is outside range for B Read
blk_mem_gen_v8_4_1 WARNING: Address 6d is outside range for A Read
blk_mem_gen_v8_4_1 WARNING: Address 6d is outside range for B Read
blk_mem_gen_v8_4_1 WARNING: Address 6d is outside range for A Read
blk_mem_gen_v8_4_1 WARNING: Address 6d is outside range for B Read
blk_mem_gen_v8_4_1 WARNING: Address 6d is outside range for A Read
blk_mem_gen_v8_4_1 WARNING: Address 6d is outside range for B Read
blk_mem_gen_v8_4_1 WARNING: Address 6d is outside range for A Read
blk_mem_gen_v8_4_1 WARNING: Address 6d is outside range for B Read
blk_mem_gen_v8_4_1 WARNING: Address 6d is outside range for A Read
blk_mem_gen_v8_4_1 WARNING: Address 6d is outside range for B Read
blk_mem_gen_v8_4_1 WARNING: Address 6d is outside range for A Read
blk_mem_gen_v8_4_1 WARNING: Address 6d is outside range for B Read
blk_mem_gen_v8_4_1 WARNING: Address 6d is outside range for A Read
blk_mem_gen_v8_4_1 WARNING: Address 6d is outside range for B Read
blk_mem_gen_v8_4_1 WARNING: Address 6d is outside range for A Read
blk_mem_gen_v8_4_1 WARNING: Address 6d is outside range for B Read
blk_mem_gen_v8_4_1 WARNING: Address 6d is outside range for A Read
blk_mem_gen_v8_4_1 WARNING: Address 6d is outside range for B Read
blk_mem_gen_v8_4_1 WARNING: Address 6d is outside range for A Read
blk_mem_gen_v8_4_1 WARNING: Address 6d is outside range for B Read
blk_mem_gen_v8_4_1 WARNING: Address 6d is outside range for A Read
blk_mem_gen_v8_4_1 WARNING: Address 6d is outside range for B Read
blk_mem_gen_v8_4_1 WARNING: Address 6d is outside range for A Read
blk_mem_gen_v8_4_1 WARNING: Address 6d is outside range for B Read
blk_mem_gen_v8_4_1 WARNING: Address 6d is outside range for A Read
blk_mem_gen_v8_4_1 WARNING: Address 6d is outside range for B Read
blk_mem_gen_v8_4_1 WARNING: Address 6d is outside range for A Read
blk_mem_gen_v8_4_1 WARNING: Address 6d is outside range for B Read
blk_mem_gen_v8_4_1 WARNING: Address 6d is outside range for A Read
blk_mem_gen_v8_4_1 WARNING: Address 6d is outside range for B Read
blk_mem_gen_v8_4_1 WARNING: Address 6d is outside range for A Read
blk_mem_gen_v8_4_1 WARNING: Address 6d is outside range for B Read
blk_mem_gen_v8_4_1 WARNING: Address 6d is outside range for A Read
blk_mem_gen_v8_4_1 WARNING: Address 6d is outside range for B Read
blk_mem_gen_v8_4_1 WARNING: Address 6c is outside range for A Read
blk_mem_gen_v8_4_1 WARNING: Address 6c is outside range for B Read
blk_mem_gen_v8_4_1 WARNING: Address 6d is outside range for A Read
blk_mem_gen_v8_4_1 WARNING: Address 6d is outside range for B Read
blk_mem_gen_v8_4_1 WARNING: Address 6d is outside range for A Read
blk_mem_gen_v8_4_1 WARNING: Address 6d is outside range for B Read
blk_mem_gen_v8_4_1 WARNING: Address 6d is outside range for A Read
blk_mem_gen_v8_4_1 WARNING: Address 6d is outside range for B Read
blk_mem_gen_v8_4_1 WARNING: Address 6d is outside range for A Read
blk_mem_gen_v8_4_1 WARNING: Address 6d is outside range for B Read
blk_mem_gen_v8_4_1 WARNING: Address 6d is outside range for A Read
blk_mem_gen_v8_4_1 WARNING: Address 6d is outside range for B Read
blk_mem_gen_v8_4_1 WARNING: Address 6d is outside range for A Read
blk_mem_gen_v8_4_1 WARNING: Address 6d is outside range for B Read
blk_mem_gen_v8_4_1 WARNING: Address 6d is outside range for A Read
blk_mem_gen_v8_4_1 WARNING: Address 6d is outside range for B Read
blk_mem_gen_v8_4_1 WARNING: Address 6d is outside range for A Read
blk_mem_gen_v8_4_1 WARNING: Address 6d is outside range for B Read
blk_mem_gen_v8_4_1 WARNING: Address 6d is outside range for A Read
blk_mem_gen_v8_4_1 WARNING: Address 6d is outside range for B Read
blk_mem_gen_v8_4_1 WARNING: Address 6d is outside range for A Read
blk_mem_gen_v8_4_1 WARNING: Address 6d is outside range for B Read
blk_mem_gen_v8_4_1 WARNING: Address 6d is outside range for A Read
blk_mem_gen_v8_4_1 WARNING: Address 6d is outside range for B Read
blk_mem_gen_v8_4_1 WARNING: Address 6d is outside range for A Read
blk_mem_gen_v8_4_1 WARNING: Address 6d is outside range for B Read
blk_mem_gen_v8_4_1 WARNING: Address 6d is outside range for A Read
blk_mem_gen_v8_4_1 WARNING: Address 6d is outside range for B Read
blk_mem_gen_v8_4_1 WARNING: Address 6d is outside range for A Read
blk_mem_gen_v8_4_1 WARNING: Address 6d is outside range for B Read
blk_mem_gen_v8_4_1 WARNING: Address 6d is outside range for A Read
blk_mem_gen_v8_4_1 WARNING: Address 6d is outside range for B Read
blk_mem_gen_v8_4_1 WARNING: Address 6d is outside range for A Read
blk_mem_gen_v8_4_1 WARNING: Address 6d is outside range for B Read
blk_mem_gen_v8_4_1 WARNING: Address 6d is outside range for A Read
blk_mem_gen_v8_4_1 WARNING: Address 6d is outside range for B Read
blk_mem_gen_v8_4_1 WARNING: Address 6d is outside range for A Read
blk_mem_gen_v8_4_1 WARNING: Address 6d is outside range for B Read
blk_mem_gen_v8_4_1 WARNING: Address 6d is outside range for A Read
blk_mem_gen_v8_4_1 WARNING: Address 6d is outside range for B Read
blk_mem_gen_v8_4_1 WARNING: Address 6d is outside range for A Read
blk_mem_gen_v8_4_1 WARNING: Address 6d is outside range for B Read
blk_mem_gen_v8_4_1 WARNING: Address 6d is outside range for A Read
blk_mem_gen_v8_4_1 WARNING: Address 6d is outside range for B Read
blk_mem_gen_v8_4_1 WARNING: Address 6d is outside range for A Read
blk_mem_gen_v8_4_1 WARNING: Address 6d is outside range for B Read
blk_mem_gen_v8_4_1 WARNING: Address 6d is outside range for A Read
blk_mem_gen_v8_4_1 WARNING: Address 6d is outside range for B Read
blk_mem_gen_v8_4_1 WARNING: Address 6d is outside range for A Read
blk_mem_gen_v8_4_1 WARNING: Address 6d is outside range for B Read
blk_mem_gen_v8_4_1 WARNING: Address 6d is outside range for A Read
blk_mem_gen_v8_4_1 WARNING: Address 6d is outside range for B Read
blk_mem_gen_v8_4_1 WARNING: Address 6d is outside range for A Read
blk_mem_gen_v8_4_1 WARNING: Address 6d is outside range for B Read
blk_mem_gen_v8_4_1 WARNING: Address 6d is outside range for A Read
blk_mem_gen_v8_4_1 WARNING: Address 6d is outside range for B Read
blk_mem_gen_v8_4_1 WARNING: Address 6d is outside range for A Read
blk_mem_gen_v8_4_1 WARNING: Address 6d is outside range for B Read
blk_mem_gen_v8_4_1 WARNING: Address 6d is outside range for A Read
blk_mem_gen_v8_4_1 WARNING: Address 6d is outside range for B Read
blk_mem_gen_v8_4_1 WARNING: Address 6d is outside range for A Read
blk_mem_gen_v8_4_1 WARNING: Address 6d is outside range for B Read
