
*** Running vivado
    with args -log datapath.vds -m64 -product Vivado -mode batch -messageDb vivado.pb -notrace -source datapath.tcl


****** Vivado v2018.2 (64-bit)
  **** SW Build 2258646 on Thu Jun 14 20:02:38 MDT 2018
  **** IP Build 2256618 on Thu Jun 14 22:10:49 MDT 2018
    ** Copyright 1986-2018 Xilinx, Inc. All Rights Reserved.

source datapath.tcl -notrace
Command: synth_design -top datapath -part xc7a35tcpg236-1
Starting synth_design
Attempting to get a license for feature 'Synthesis' and/or device 'xc7a35t'
INFO: [Common 17-349] Got license for feature 'Synthesis' and/or device 'xc7a35t'
INFO: Launching helper process for spawning children vivado processes
INFO: Helper process launched with PID 2264 
---------------------------------------------------------------------------------
Starting RTL Elaboration : Time (s): cpu = 00:00:02 ; elapsed = 00:00:02 . Memory (MB): peak = 1240.906 ; gain = 80.863 ; free physical = 1414 ; free virtual = 8976
---------------------------------------------------------------------------------
INFO: [Synth 8-638] synthesizing module 'datapath' [/home/josecoelho/Documents/IST/PSD/Labs/Lab3/psd-proj3/Lab3.srcs/sources_1/new/datapath.vhd:22]
INFO: [Synth 8-3491] module 'feature_comparator' declared at '/home/josecoelho/Documents/IST/PSD/Labs/Lab3/psd-proj3/Lab3.srcs/sources_1/new/feature_comparator.vhd:12' bound to instance 'feature_comparator_1' of component 'feature_comparator' [/home/josecoelho/Documents/IST/PSD/Labs/Lab3/psd-proj3/Lab3.srcs/sources_1/new/datapath.vhd:63]
INFO: [Synth 8-638] synthesizing module 'feature_comparator' [/home/josecoelho/Documents/IST/PSD/Labs/Lab3/psd-proj3/Lab3.srcs/sources_1/new/feature_comparator.vhd:20]
INFO: [Synth 8-256] done synthesizing module 'feature_comparator' (1#1) [/home/josecoelho/Documents/IST/PSD/Labs/Lab3/psd-proj3/Lab3.srcs/sources_1/new/feature_comparator.vhd:20]
INFO: [Synth 8-3491] module 'feature_comparator' declared at '/home/josecoelho/Documents/IST/PSD/Labs/Lab3/psd-proj3/Lab3.srcs/sources_1/new/feature_comparator.vhd:12' bound to instance 'feature_comparator_2' of component 'feature_comparator' [/home/josecoelho/Documents/IST/PSD/Labs/Lab3/psd-proj3/Lab3.srcs/sources_1/new/datapath.vhd:70]
INFO: [Synth 8-3491] module 'feature_comparator' declared at '/home/josecoelho/Documents/IST/PSD/Labs/Lab3/psd-proj3/Lab3.srcs/sources_1/new/feature_comparator.vhd:12' bound to instance 'feature_comparator_3' of component 'feature_comparator' [/home/josecoelho/Documents/IST/PSD/Labs/Lab3/psd-proj3/Lab3.srcs/sources_1/new/datapath.vhd:77]
INFO: [Synth 8-3491] module 'feature_comparator' declared at '/home/josecoelho/Documents/IST/PSD/Labs/Lab3/psd-proj3/Lab3.srcs/sources_1/new/feature_comparator.vhd:12' bound to instance 'feature_comparator_4' of component 'feature_comparator' [/home/josecoelho/Documents/IST/PSD/Labs/Lab3/psd-proj3/Lab3.srcs/sources_1/new/datapath.vhd:84]
INFO: [Synth 8-256] done synthesizing module 'datapath' (2#1) [/home/josecoelho/Documents/IST/PSD/Labs/Lab3/psd-proj3/Lab3.srcs/sources_1/new/datapath.vhd:22]
WARNING: [Synth 8-3331] design datapath has unconnected port train_instance_class[1]
WARNING: [Synth 8-3331] design datapath has unconnected port train_instance_class[0]
---------------------------------------------------------------------------------
Finished RTL Elaboration : Time (s): cpu = 00:00:02 ; elapsed = 00:00:03 . Memory (MB): peak = 1285.531 ; gain = 125.488 ; free physical = 1426 ; free virtual = 8988
---------------------------------------------------------------------------------

Report Check Netlist: 
+------+------------------+-------+---------+-------+------------------+
|      |Item              |Errors |Warnings |Status |Description       |
+------+------------------+-------+---------+-------+------------------+
|1     |multi_driven_nets |      0|        0|Passed |Multi driven nets |
+------+------------------+-------+---------+-------+------------------+
---------------------------------------------------------------------------------
Start Handling Custom Attributes
---------------------------------------------------------------------------------
---------------------------------------------------------------------------------
Finished Handling Custom Attributes : Time (s): cpu = 00:00:02 ; elapsed = 00:00:03 . Memory (MB): peak = 1285.531 ; gain = 125.488 ; free physical = 1425 ; free virtual = 8987
---------------------------------------------------------------------------------
---------------------------------------------------------------------------------
Finished RTL Optimization Phase 1 : Time (s): cpu = 00:00:02 ; elapsed = 00:00:03 . Memory (MB): peak = 1285.531 ; gain = 125.488 ; free physical = 1425 ; free virtual = 8987
---------------------------------------------------------------------------------
INFO: [Device 21-403] Loading part xc7a35tcpg236-1
INFO: [Project 1-570] Preparing netlist for logic optimization

Processing XDC Constraints
Initializing timing engine
Parsing XDC File [/home/josecoelho/Documents/IST/PSD/Labs/Lab3/psd-proj3/Lab3.srcs/constrs_1/imports/Files/Basys3_Master.xdc]
WARNING: [Vivado 12-584] No ports matched 'clk'. [/home/josecoelho/Documents/IST/PSD/Labs/Lab3/psd-proj3/Lab3.srcs/constrs_1/imports/Files/Basys3_Master.xdc:7]
CRITICAL WARNING: [Common 17-55] 'set_property' expects at least one object. [/home/josecoelho/Documents/IST/PSD/Labs/Lab3/psd-proj3/Lab3.srcs/constrs_1/imports/Files/Basys3_Master.xdc:7]
Resolution: If [get_<value>] was used to populate the object, check to make sure this command returns at least one valid object.
WARNING: [Vivado 12-584] No ports matched 'clk'. [/home/josecoelho/Documents/IST/PSD/Labs/Lab3/psd-proj3/Lab3.srcs/constrs_1/imports/Files/Basys3_Master.xdc:8]
CRITICAL WARNING: [Common 17-55] 'set_property' expects at least one object. [/home/josecoelho/Documents/IST/PSD/Labs/Lab3/psd-proj3/Lab3.srcs/constrs_1/imports/Files/Basys3_Master.xdc:8]
Resolution: If [get_<value>] was used to populate the object, check to make sure this command returns at least one valid object.
WARNING: [Vivado 12-584] No ports matched 'clk'. [/home/josecoelho/Documents/IST/PSD/Labs/Lab3/psd-proj3/Lab3.srcs/constrs_1/imports/Files/Basys3_Master.xdc:9]
CRITICAL WARNING: [Vivado 12-4739] create_clock:No valid object(s) found for '-objects [get_ports clk]'. [/home/josecoelho/Documents/IST/PSD/Labs/Lab3/psd-proj3/Lab3.srcs/constrs_1/imports/Files/Basys3_Master.xdc:9]
Resolution: Check if the specified object(s) exists in the current design. If it does, ensure that the correct design hierarchy was specified for the object. If you are working with clocks, make sure create_clock was used to create the clock object before it is referenced.
WARNING: [Vivado 12-584] No ports matched 'sw[0]'. [/home/josecoelho/Documents/IST/PSD/Labs/Lab3/psd-proj3/Lab3.srcs/constrs_1/imports/Files/Basys3_Master.xdc:12]
CRITICAL WARNING: [Common 17-55] 'set_property' expects at least one object. [/home/josecoelho/Documents/IST/PSD/Labs/Lab3/psd-proj3/Lab3.srcs/constrs_1/imports/Files/Basys3_Master.xdc:12]
Resolution: If [get_<value>] was used to populate the object, check to make sure this command returns at least one valid object.
WARNING: [Vivado 12-584] No ports matched 'sw[0]'. [/home/josecoelho/Documents/IST/PSD/Labs/Lab3/psd-proj3/Lab3.srcs/constrs_1/imports/Files/Basys3_Master.xdc:13]
CRITICAL WARNING: [Common 17-55] 'set_property' expects at least one object. [/home/josecoelho/Documents/IST/PSD/Labs/Lab3/psd-proj3/Lab3.srcs/constrs_1/imports/Files/Basys3_Master.xdc:13]
Resolution: If [get_<value>] was used to populate the object, check to make sure this command returns at least one valid object.
WARNING: [Vivado 12-584] No ports matched 'sw[1]'. [/home/josecoelho/Documents/IST/PSD/Labs/Lab3/psd-proj3/Lab3.srcs/constrs_1/imports/Files/Basys3_Master.xdc:14]
CRITICAL WARNING: [Common 17-55] 'set_property' expects at least one object. [/home/josecoelho/Documents/IST/PSD/Labs/Lab3/psd-proj3/Lab3.srcs/constrs_1/imports/Files/Basys3_Master.xdc:14]
Resolution: If [get_<value>] was used to populate the object, check to make sure this command returns at least one valid object.
WARNING: [Vivado 12-584] No ports matched 'sw[1]'. [/home/josecoelho/Documents/IST/PSD/Labs/Lab3/psd-proj3/Lab3.srcs/constrs_1/imports/Files/Basys3_Master.xdc:15]
CRITICAL WARNING: [Common 17-55] 'set_property' expects at least one object. [/home/josecoelho/Documents/IST/PSD/Labs/Lab3/psd-proj3/Lab3.srcs/constrs_1/imports/Files/Basys3_Master.xdc:15]
Resolution: If [get_<value>] was used to populate the object, check to make sure this command returns at least one valid object.
WARNING: [Vivado 12-584] No ports matched 'sw[2]'. [/home/josecoelho/Documents/IST/PSD/Labs/Lab3/psd-proj3/Lab3.srcs/constrs_1/imports/Files/Basys3_Master.xdc:16]
CRITICAL WARNING: [Common 17-55] 'set_property' expects at least one object. [/home/josecoelho/Documents/IST/PSD/Labs/Lab3/psd-proj3/Lab3.srcs/constrs_1/imports/Files/Basys3_Master.xdc:16]
Resolution: If [get_<value>] was used to populate the object, check to make sure this command returns at least one valid object.
WARNING: [Vivado 12-584] No ports matched 'sw[2]'. [/home/josecoelho/Documents/IST/PSD/Labs/Lab3/psd-proj3/Lab3.srcs/constrs_1/imports/Files/Basys3_Master.xdc:17]
CRITICAL WARNING: [Common 17-55] 'set_property' expects at least one object. [/home/josecoelho/Documents/IST/PSD/Labs/Lab3/psd-proj3/Lab3.srcs/constrs_1/imports/Files/Basys3_Master.xdc:17]
Resolution: If [get_<value>] was used to populate the object, check to make sure this command returns at least one valid object.
WARNING: [Vivado 12-584] No ports matched 'sw[3]'. [/home/josecoelho/Documents/IST/PSD/Labs/Lab3/psd-proj3/Lab3.srcs/constrs_1/imports/Files/Basys3_Master.xdc:18]
CRITICAL WARNING: [Common 17-55] 'set_property' expects at least one object. [/home/josecoelho/Documents/IST/PSD/Labs/Lab3/psd-proj3/Lab3.srcs/constrs_1/imports/Files/Basys3_Master.xdc:18]
Resolution: If [get_<value>] was used to populate the object, check to make sure this command returns at least one valid object.
WARNING: [Vivado 12-584] No ports matched 'sw[3]'. [/home/josecoelho/Documents/IST/PSD/Labs/Lab3/psd-proj3/Lab3.srcs/constrs_1/imports/Files/Basys3_Master.xdc:19]
CRITICAL WARNING: [Common 17-55] 'set_property' expects at least one object. [/home/josecoelho/Documents/IST/PSD/Labs/Lab3/psd-proj3/Lab3.srcs/constrs_1/imports/Files/Basys3_Master.xdc:19]
Resolution: If [get_<value>] was used to populate the object, check to make sure this command returns at least one valid object.
WARNING: [Vivado 12-584] No ports matched 'sw[4]'. [/home/josecoelho/Documents/IST/PSD/Labs/Lab3/psd-proj3/Lab3.srcs/constrs_1/imports/Files/Basys3_Master.xdc:20]
CRITICAL WARNING: [Common 17-55] 'set_property' expects at least one object. [/home/josecoelho/Documents/IST/PSD/Labs/Lab3/psd-proj3/Lab3.srcs/constrs_1/imports/Files/Basys3_Master.xdc:20]
Resolution: If [get_<value>] was used to populate the object, check to make sure this command returns at least one valid object.
WARNING: [Vivado 12-584] No ports matched 'sw[4]'. [/home/josecoelho/Documents/IST/PSD/Labs/Lab3/psd-proj3/Lab3.srcs/constrs_1/imports/Files/Basys3_Master.xdc:21]
CRITICAL WARNING: [Common 17-55] 'set_property' expects at least one object. [/home/josecoelho/Documents/IST/PSD/Labs/Lab3/psd-proj3/Lab3.srcs/constrs_1/imports/Files/Basys3_Master.xdc:21]
Resolution: If [get_<value>] was used to populate the object, check to make sure this command returns at least one valid object.
WARNING: [Vivado 12-584] No ports matched 'sw[5]'. [/home/josecoelho/Documents/IST/PSD/Labs/Lab3/psd-proj3/Lab3.srcs/constrs_1/imports/Files/Basys3_Master.xdc:22]
CRITICAL WARNING: [Common 17-55] 'set_property' expects at least one object. [/home/josecoelho/Documents/IST/PSD/Labs/Lab3/psd-proj3/Lab3.srcs/constrs_1/imports/Files/Basys3_Master.xdc:22]
Resolution: If [get_<value>] was used to populate the object, check to make sure this command returns at least one valid object.
WARNING: [Vivado 12-584] No ports matched 'sw[5]'. [/home/josecoelho/Documents/IST/PSD/Labs/Lab3/psd-proj3/Lab3.srcs/constrs_1/imports/Files/Basys3_Master.xdc:23]
CRITICAL WARNING: [Common 17-55] 'set_property' expects at least one object. [/home/josecoelho/Documents/IST/PSD/Labs/Lab3/psd-proj3/Lab3.srcs/constrs_1/imports/Files/Basys3_Master.xdc:23]
Resolution: If [get_<value>] was used to populate the object, check to make sure this command returns at least one valid object.
WARNING: [Vivado 12-584] No ports matched 'sw[6]'. [/home/josecoelho/Documents/IST/PSD/Labs/Lab3/psd-proj3/Lab3.srcs/constrs_1/imports/Files/Basys3_Master.xdc:24]
CRITICAL WARNING: [Common 17-55] 'set_property' expects at least one object. [/home/josecoelho/Documents/IST/PSD/Labs/Lab3/psd-proj3/Lab3.srcs/constrs_1/imports/Files/Basys3_Master.xdc:24]
Resolution: If [get_<value>] was used to populate the object, check to make sure this command returns at least one valid object.
WARNING: [Vivado 12-584] No ports matched 'sw[6]'. [/home/josecoelho/Documents/IST/PSD/Labs/Lab3/psd-proj3/Lab3.srcs/constrs_1/imports/Files/Basys3_Master.xdc:25]
CRITICAL WARNING: [Common 17-55] 'set_property' expects at least one object. [/home/josecoelho/Documents/IST/PSD/Labs/Lab3/psd-proj3/Lab3.srcs/constrs_1/imports/Files/Basys3_Master.xdc:25]
Resolution: If [get_<value>] was used to populate the object, check to make sure this command returns at least one valid object.
WARNING: [Vivado 12-584] No ports matched 'sw[7]'. [/home/josecoelho/Documents/IST/PSD/Labs/Lab3/psd-proj3/Lab3.srcs/constrs_1/imports/Files/Basys3_Master.xdc:26]
CRITICAL WARNING: [Common 17-55] 'set_property' expects at least one object. [/home/josecoelho/Documents/IST/PSD/Labs/Lab3/psd-proj3/Lab3.srcs/constrs_1/imports/Files/Basys3_Master.xdc:26]
Resolution: If [get_<value>] was used to populate the object, check to make sure this command returns at least one valid object.
WARNING: [Vivado 12-584] No ports matched 'sw[7]'. [/home/josecoelho/Documents/IST/PSD/Labs/Lab3/psd-proj3/Lab3.srcs/constrs_1/imports/Files/Basys3_Master.xdc:27]
CRITICAL WARNING: [Common 17-55] 'set_property' expects at least one object. [/home/josecoelho/Documents/IST/PSD/Labs/Lab3/psd-proj3/Lab3.srcs/constrs_1/imports/Files/Basys3_Master.xdc:27]
Resolution: If [get_<value>] was used to populate the object, check to make sure this command returns at least one valid object.
WARNING: [Vivado 12-584] No ports matched 'sw[8]'. [/home/josecoelho/Documents/IST/PSD/Labs/Lab3/psd-proj3/Lab3.srcs/constrs_1/imports/Files/Basys3_Master.xdc:28]
CRITICAL WARNING: [Common 17-55] 'set_property' expects at least one object. [/home/josecoelho/Documents/IST/PSD/Labs/Lab3/psd-proj3/Lab3.srcs/constrs_1/imports/Files/Basys3_Master.xdc:28]
Resolution: If [get_<value>] was used to populate the object, check to make sure this command returns at least one valid object.
WARNING: [Vivado 12-584] No ports matched 'sw[8]'. [/home/josecoelho/Documents/IST/PSD/Labs/Lab3/psd-proj3/Lab3.srcs/constrs_1/imports/Files/Basys3_Master.xdc:29]
CRITICAL WARNING: [Common 17-55] 'set_property' expects at least one object. [/home/josecoelho/Documents/IST/PSD/Labs/Lab3/psd-proj3/Lab3.srcs/constrs_1/imports/Files/Basys3_Master.xdc:29]
Resolution: If [get_<value>] was used to populate the object, check to make sure this command returns at least one valid object.
WARNING: [Vivado 12-584] No ports matched 'sw[9]'. [/home/josecoelho/Documents/IST/PSD/Labs/Lab3/psd-proj3/Lab3.srcs/constrs_1/imports/Files/Basys3_Master.xdc:30]
CRITICAL WARNING: [Common 17-55] 'set_property' expects at least one object. [/home/josecoelho/Documents/IST/PSD/Labs/Lab3/psd-proj3/Lab3.srcs/constrs_1/imports/Files/Basys3_Master.xdc:30]
Resolution: If [get_<value>] was used to populate the object, check to make sure this command returns at least one valid object.
WARNING: [Vivado 12-584] No ports matched 'sw[9]'. [/home/josecoelho/Documents/IST/PSD/Labs/Lab3/psd-proj3/Lab3.srcs/constrs_1/imports/Files/Basys3_Master.xdc:31]
CRITICAL WARNING: [Common 17-55] 'set_property' expects at least one object. [/home/josecoelho/Documents/IST/PSD/Labs/Lab3/psd-proj3/Lab3.srcs/constrs_1/imports/Files/Basys3_Master.xdc:31]
Resolution: If [get_<value>] was used to populate the object, check to make sure this command returns at least one valid object.
WARNING: [Vivado 12-584] No ports matched 'sw[10]'. [/home/josecoelho/Documents/IST/PSD/Labs/Lab3/psd-proj3/Lab3.srcs/constrs_1/imports/Files/Basys3_Master.xdc:32]
CRITICAL WARNING: [Common 17-55] 'set_property' expects at least one object. [/home/josecoelho/Documents/IST/PSD/Labs/Lab3/psd-proj3/Lab3.srcs/constrs_1/imports/Files/Basys3_Master.xdc:32]
Resolution: If [get_<value>] was used to populate the object, check to make sure this command returns at least one valid object.
WARNING: [Vivado 12-584] No ports matched 'sw[10]'. [/home/josecoelho/Documents/IST/PSD/Labs/Lab3/psd-proj3/Lab3.srcs/constrs_1/imports/Files/Basys3_Master.xdc:33]
CRITICAL WARNING: [Common 17-55] 'set_property' expects at least one object. [/home/josecoelho/Documents/IST/PSD/Labs/Lab3/psd-proj3/Lab3.srcs/constrs_1/imports/Files/Basys3_Master.xdc:33]
Resolution: If [get_<value>] was used to populate the object, check to make sure this command returns at least one valid object.
WARNING: [Vivado 12-584] No ports matched 'sw[11]'. [/home/josecoelho/Documents/IST/PSD/Labs/Lab3/psd-proj3/Lab3.srcs/constrs_1/imports/Files/Basys3_Master.xdc:34]
CRITICAL WARNING: [Common 17-55] 'set_property' expects at least one object. [/home/josecoelho/Documents/IST/PSD/Labs/Lab3/psd-proj3/Lab3.srcs/constrs_1/imports/Files/Basys3_Master.xdc:34]
Resolution: If [get_<value>] was used to populate the object, check to make sure this command returns at least one valid object.
WARNING: [Vivado 12-584] No ports matched 'sw[11]'. [/home/josecoelho/Documents/IST/PSD/Labs/Lab3/psd-proj3/Lab3.srcs/constrs_1/imports/Files/Basys3_Master.xdc:35]
CRITICAL WARNING: [Common 17-55] 'set_property' expects at least one object. [/home/josecoelho/Documents/IST/PSD/Labs/Lab3/psd-proj3/Lab3.srcs/constrs_1/imports/Files/Basys3_Master.xdc:35]
Resolution: If [get_<value>] was used to populate the object, check to make sure this command returns at least one valid object.
WARNING: [Vivado 12-584] No ports matched 'sw[12]'. [/home/josecoelho/Documents/IST/PSD/Labs/Lab3/psd-proj3/Lab3.srcs/constrs_1/imports/Files/Basys3_Master.xdc:36]
CRITICAL WARNING: [Common 17-55] 'set_property' expects at least one object. [/home/josecoelho/Documents/IST/PSD/Labs/Lab3/psd-proj3/Lab3.srcs/constrs_1/imports/Files/Basys3_Master.xdc:36]
Resolution: If [get_<value>] was used to populate the object, check to make sure this command returns at least one valid object.
WARNING: [Vivado 12-584] No ports matched 'sw[12]'. [/home/josecoelho/Documents/IST/PSD/Labs/Lab3/psd-proj3/Lab3.srcs/constrs_1/imports/Files/Basys3_Master.xdc:37]
CRITICAL WARNING: [Common 17-55] 'set_property' expects at least one object. [/home/josecoelho/Documents/IST/PSD/Labs/Lab3/psd-proj3/Lab3.srcs/constrs_1/imports/Files/Basys3_Master.xdc:37]
Resolution: If [get_<value>] was used to populate the object, check to make sure this command returns at least one valid object.
WARNING: [Vivado 12-584] No ports matched 'sw[13]'. [/home/josecoelho/Documents/IST/PSD/Labs/Lab3/psd-proj3/Lab3.srcs/constrs_1/imports/Files/Basys3_Master.xdc:38]
CRITICAL WARNING: [Common 17-55] 'set_property' expects at least one object. [/home/josecoelho/Documents/IST/PSD/Labs/Lab3/psd-proj3/Lab3.srcs/constrs_1/imports/Files/Basys3_Master.xdc:38]
Resolution: If [get_<value>] was used to populate the object, check to make sure this command returns at least one valid object.
WARNING: [Vivado 12-584] No ports matched 'sw[13]'. [/home/josecoelho/Documents/IST/PSD/Labs/Lab3/psd-proj3/Lab3.srcs/constrs_1/imports/Files/Basys3_Master.xdc:39]
CRITICAL WARNING: [Common 17-55] 'set_property' expects at least one object. [/home/josecoelho/Documents/IST/PSD/Labs/Lab3/psd-proj3/Lab3.srcs/constrs_1/imports/Files/Basys3_Master.xdc:39]
Resolution: If [get_<value>] was used to populate the object, check to make sure this command returns at least one valid object.
WARNING: [Vivado 12-584] No ports matched 'sw[14]'. [/home/josecoelho/Documents/IST/PSD/Labs/Lab3/psd-proj3/Lab3.srcs/constrs_1/imports/Files/Basys3_Master.xdc:40]
CRITICAL WARNING: [Common 17-55] 'set_property' expects at least one object. [/home/josecoelho/Documents/IST/PSD/Labs/Lab3/psd-proj3/Lab3.srcs/constrs_1/imports/Files/Basys3_Master.xdc:40]
Resolution: If [get_<value>] was used to populate the object, check to make sure this command returns at least one valid object.
WARNING: [Vivado 12-584] No ports matched 'sw[14]'. [/home/josecoelho/Documents/IST/PSD/Labs/Lab3/psd-proj3/Lab3.srcs/constrs_1/imports/Files/Basys3_Master.xdc:41]
CRITICAL WARNING: [Common 17-55] 'set_property' expects at least one object. [/home/josecoelho/Documents/IST/PSD/Labs/Lab3/psd-proj3/Lab3.srcs/constrs_1/imports/Files/Basys3_Master.xdc:41]
Resolution: If [get_<value>] was used to populate the object, check to make sure this command returns at least one valid object.
WARNING: [Vivado 12-584] No ports matched 'sw[15]'. [/home/josecoelho/Documents/IST/PSD/Labs/Lab3/psd-proj3/Lab3.srcs/constrs_1/imports/Files/Basys3_Master.xdc:42]
CRITICAL WARNING: [Common 17-55] 'set_property' expects at least one object. [/home/josecoelho/Documents/IST/PSD/Labs/Lab3/psd-proj3/Lab3.srcs/constrs_1/imports/Files/Basys3_Master.xdc:42]
Resolution: If [get_<value>] was used to populate the object, check to make sure this command returns at least one valid object.
WARNING: [Vivado 12-584] No ports matched 'sw[15]'. [/home/josecoelho/Documents/IST/PSD/Labs/Lab3/psd-proj3/Lab3.srcs/constrs_1/imports/Files/Basys3_Master.xdc:43]
CRITICAL WARNING: [Common 17-55] 'set_property' expects at least one object. [/home/josecoelho/Documents/IST/PSD/Labs/Lab3/psd-proj3/Lab3.srcs/constrs_1/imports/Files/Basys3_Master.xdc:43]
Resolution: If [get_<value>] was used to populate the object, check to make sure this command returns at least one valid object.
WARNING: [Vivado 12-584] No ports matched 'led[0]'. [/home/josecoelho/Documents/IST/PSD/Labs/Lab3/psd-proj3/Lab3.srcs/constrs_1/imports/Files/Basys3_Master.xdc:47]
CRITICAL WARNING: [Common 17-55] 'set_property' expects at least one object. [/home/josecoelho/Documents/IST/PSD/Labs/Lab3/psd-proj3/Lab3.srcs/constrs_1/imports/Files/Basys3_Master.xdc:47]
Resolution: If [get_<value>] was used to populate the object, check to make sure this command returns at least one valid object.
WARNING: [Vivado 12-584] No ports matched 'led[0]'. [/home/josecoelho/Documents/IST/PSD/Labs/Lab3/psd-proj3/Lab3.srcs/constrs_1/imports/Files/Basys3_Master.xdc:48]
CRITICAL WARNING: [Common 17-55] 'set_property' expects at least one object. [/home/josecoelho/Documents/IST/PSD/Labs/Lab3/psd-proj3/Lab3.srcs/constrs_1/imports/Files/Basys3_Master.xdc:48]
Resolution: If [get_<value>] was used to populate the object, check to make sure this command returns at least one valid object.
WARNING: [Vivado 12-584] No ports matched 'led[1]'. [/home/josecoelho/Documents/IST/PSD/Labs/Lab3/psd-proj3/Lab3.srcs/constrs_1/imports/Files/Basys3_Master.xdc:49]
CRITICAL WARNING: [Common 17-55] 'set_property' expects at least one object. [/home/josecoelho/Documents/IST/PSD/Labs/Lab3/psd-proj3/Lab3.srcs/constrs_1/imports/Files/Basys3_Master.xdc:49]
Resolution: If [get_<value>] was used to populate the object, check to make sure this command returns at least one valid object.
WARNING: [Vivado 12-584] No ports matched 'led[1]'. [/home/josecoelho/Documents/IST/PSD/Labs/Lab3/psd-proj3/Lab3.srcs/constrs_1/imports/Files/Basys3_Master.xdc:50]
CRITICAL WARNING: [Common 17-55] 'set_property' expects at least one object. [/home/josecoelho/Documents/IST/PSD/Labs/Lab3/psd-proj3/Lab3.srcs/constrs_1/imports/Files/Basys3_Master.xdc:50]
Resolution: If [get_<value>] was used to populate the object, check to make sure this command returns at least one valid object.
WARNING: [Vivado 12-584] No ports matched 'led[2]'. [/home/josecoelho/Documents/IST/PSD/Labs/Lab3/psd-proj3/Lab3.srcs/constrs_1/imports/Files/Basys3_Master.xdc:51]
CRITICAL WARNING: [Common 17-55] 'set_property' expects at least one object. [/home/josecoelho/Documents/IST/PSD/Labs/Lab3/psd-proj3/Lab3.srcs/constrs_1/imports/Files/Basys3_Master.xdc:51]
Resolution: If [get_<value>] was used to populate the object, check to make sure this command returns at least one valid object.
WARNING: [Vivado 12-584] No ports matched 'led[2]'. [/home/josecoelho/Documents/IST/PSD/Labs/Lab3/psd-proj3/Lab3.srcs/constrs_1/imports/Files/Basys3_Master.xdc:52]
CRITICAL WARNING: [Common 17-55] 'set_property' expects at least one object. [/home/josecoelho/Documents/IST/PSD/Labs/Lab3/psd-proj3/Lab3.srcs/constrs_1/imports/Files/Basys3_Master.xdc:52]
Resolution: If [get_<value>] was used to populate the object, check to make sure this command returns at least one valid object.
WARNING: [Vivado 12-584] No ports matched 'led[3]'. [/home/josecoelho/Documents/IST/PSD/Labs/Lab3/psd-proj3/Lab3.srcs/constrs_1/imports/Files/Basys3_Master.xdc:53]
CRITICAL WARNING: [Common 17-55] 'set_property' expects at least one object. [/home/josecoelho/Documents/IST/PSD/Labs/Lab3/psd-proj3/Lab3.srcs/constrs_1/imports/Files/Basys3_Master.xdc:53]
Resolution: If [get_<value>] was used to populate the object, check to make sure this command returns at least one valid object.
WARNING: [Vivado 12-584] No ports matched 'led[3]'. [/home/josecoelho/Documents/IST/PSD/Labs/Lab3/psd-proj3/Lab3.srcs/constrs_1/imports/Files/Basys3_Master.xdc:54]
CRITICAL WARNING: [Common 17-55] 'set_property' expects at least one object. [/home/josecoelho/Documents/IST/PSD/Labs/Lab3/psd-proj3/Lab3.srcs/constrs_1/imports/Files/Basys3_Master.xdc:54]
Resolution: If [get_<value>] was used to populate the object, check to make sure this command returns at least one valid object.
WARNING: [Vivado 12-584] No ports matched 'led[4]'. [/home/josecoelho/Documents/IST/PSD/Labs/Lab3/psd-proj3/Lab3.srcs/constrs_1/imports/Files/Basys3_Master.xdc:55]
CRITICAL WARNING: [Common 17-55] 'set_property' expects at least one object. [/home/josecoelho/Documents/IST/PSD/Labs/Lab3/psd-proj3/Lab3.srcs/constrs_1/imports/Files/Basys3_Master.xdc:55]
Resolution: If [get_<value>] was used to populate the object, check to make sure this command returns at least one valid object.
WARNING: [Vivado 12-584] No ports matched 'led[4]'. [/home/josecoelho/Documents/IST/PSD/Labs/Lab3/psd-proj3/Lab3.srcs/constrs_1/imports/Files/Basys3_Master.xdc:56]
CRITICAL WARNING: [Common 17-55] 'set_property' expects at least one object. [/home/josecoelho/Documents/IST/PSD/Labs/Lab3/psd-proj3/Lab3.srcs/constrs_1/imports/Files/Basys3_Master.xdc:56]
Resolution: If [get_<value>] was used to populate the object, check to make sure this command returns at least one valid object.
WARNING: [Vivado 12-584] No ports matched 'led[5]'. [/home/josecoelho/Documents/IST/PSD/Labs/Lab3/psd-proj3/Lab3.srcs/constrs_1/imports/Files/Basys3_Master.xdc:57]
CRITICAL WARNING: [Common 17-55] 'set_property' expects at least one object. [/home/josecoelho/Documents/IST/PSD/Labs/Lab3/psd-proj3/Lab3.srcs/constrs_1/imports/Files/Basys3_Master.xdc:57]
Resolution: If [get_<value>] was used to populate the object, check to make sure this command returns at least one valid object.
WARNING: [Vivado 12-584] No ports matched 'led[5]'. [/home/josecoelho/Documents/IST/PSD/Labs/Lab3/psd-proj3/Lab3.srcs/constrs_1/imports/Files/Basys3_Master.xdc:58]
CRITICAL WARNING: [Common 17-55] 'set_property' expects at least one object. [/home/josecoelho/Documents/IST/PSD/Labs/Lab3/psd-proj3/Lab3.srcs/constrs_1/imports/Files/Basys3_Master.xdc:58]
Resolution: If [get_<value>] was used to populate the object, check to make sure this command returns at least one valid object.
WARNING: [Vivado 12-584] No ports matched 'led[6]'. [/home/josecoelho/Documents/IST/PSD/Labs/Lab3/psd-proj3/Lab3.srcs/constrs_1/imports/Files/Basys3_Master.xdc:59]
CRITICAL WARNING: [Common 17-55] 'set_property' expects at least one object. [/home/josecoelho/Documents/IST/PSD/Labs/Lab3/psd-proj3/Lab3.srcs/constrs_1/imports/Files/Basys3_Master.xdc:59]
Resolution: If [get_<value>] was used to populate the object, check to make sure this command returns at least one valid object.
WARNING: [Vivado 12-584] No ports matched 'led[6]'. [/home/josecoelho/Documents/IST/PSD/Labs/Lab3/psd-proj3/Lab3.srcs/constrs_1/imports/Files/Basys3_Master.xdc:60]
CRITICAL WARNING: [Common 17-55] 'set_property' expects at least one object. [/home/josecoelho/Documents/IST/PSD/Labs/Lab3/psd-proj3/Lab3.srcs/constrs_1/imports/Files/Basys3_Master.xdc:60]
Resolution: If [get_<value>] was used to populate the object, check to make sure this command returns at least one valid object.
WARNING: [Vivado 12-584] No ports matched 'led[7]'. [/home/josecoelho/Documents/IST/PSD/Labs/Lab3/psd-proj3/Lab3.srcs/constrs_1/imports/Files/Basys3_Master.xdc:61]
CRITICAL WARNING: [Common 17-55] 'set_property' expects at least one object. [/home/josecoelho/Documents/IST/PSD/Labs/Lab3/psd-proj3/Lab3.srcs/constrs_1/imports/Files/Basys3_Master.xdc:61]
Resolution: If [get_<value>] was used to populate the object, check to make sure this command returns at least one valid object.
WARNING: [Vivado 12-584] No ports matched 'led[7]'. [/home/josecoelho/Documents/IST/PSD/Labs/Lab3/psd-proj3/Lab3.srcs/constrs_1/imports/Files/Basys3_Master.xdc:62]
CRITICAL WARNING: [Common 17-55] 'set_property' expects at least one object. [/home/josecoelho/Documents/IST/PSD/Labs/Lab3/psd-proj3/Lab3.srcs/constrs_1/imports/Files/Basys3_Master.xdc:62]
Resolution: If [get_<value>] was used to populate the object, check to make sure this command returns at least one valid object.
WARNING: [Vivado 12-584] No ports matched 'led[8]'. [/home/josecoelho/Documents/IST/PSD/Labs/Lab3/psd-proj3/Lab3.srcs/constrs_1/imports/Files/Basys3_Master.xdc:63]
CRITICAL WARNING: [Common 17-55] 'set_property' expects at least one object. [/home/josecoelho/Documents/IST/PSD/Labs/Lab3/psd-proj3/Lab3.srcs/constrs_1/imports/Files/Basys3_Master.xdc:63]
Resolution: If [get_<value>] was used to populate the object, check to make sure this command returns at least one valid object.
WARNING: [Vivado 12-584] No ports matched 'led[8]'. [/home/josecoelho/Documents/IST/PSD/Labs/Lab3/psd-proj3/Lab3.srcs/constrs_1/imports/Files/Basys3_Master.xdc:64]
CRITICAL WARNING: [Common 17-55] 'set_property' expects at least one object. [/home/josecoelho/Documents/IST/PSD/Labs/Lab3/psd-proj3/Lab3.srcs/constrs_1/imports/Files/Basys3_Master.xdc:64]
Resolution: If [get_<value>] was used to populate the object, check to make sure this command returns at least one valid object.
WARNING: [Vivado 12-584] No ports matched 'led[9]'. [/home/josecoelho/Documents/IST/PSD/Labs/Lab3/psd-proj3/Lab3.srcs/constrs_1/imports/Files/Basys3_Master.xdc:65]
CRITICAL WARNING: [Common 17-55] 'set_property' expects at least one object. [/home/josecoelho/Documents/IST/PSD/Labs/Lab3/psd-proj3/Lab3.srcs/constrs_1/imports/Files/Basys3_Master.xdc:65]
Resolution: If [get_<value>] was used to populate the object, check to make sure this command returns at least one valid object.
WARNING: [Vivado 12-584] No ports matched 'led[9]'. [/home/josecoelho/Documents/IST/PSD/Labs/Lab3/psd-proj3/Lab3.srcs/constrs_1/imports/Files/Basys3_Master.xdc:66]
CRITICAL WARNING: [Common 17-55] 'set_property' expects at least one object. [/home/josecoelho/Documents/IST/PSD/Labs/Lab3/psd-proj3/Lab3.srcs/constrs_1/imports/Files/Basys3_Master.xdc:66]
Resolution: If [get_<value>] was used to populate the object, check to make sure this command returns at least one valid object.
WARNING: [Vivado 12-584] No ports matched 'led[10]'. [/home/josecoelho/Documents/IST/PSD/Labs/Lab3/psd-proj3/Lab3.srcs/constrs_1/imports/Files/Basys3_Master.xdc:67]
CRITICAL WARNING: [Common 17-55] 'set_property' expects at least one object. [/home/josecoelho/Documents/IST/PSD/Labs/Lab3/psd-proj3/Lab3.srcs/constrs_1/imports/Files/Basys3_Master.xdc:67]
Resolution: If [get_<value>] was used to populate the object, check to make sure this command returns at least one valid object.
WARNING: [Vivado 12-584] No ports matched 'led[10]'. [/home/josecoelho/Documents/IST/PSD/Labs/Lab3/psd-proj3/Lab3.srcs/constrs_1/imports/Files/Basys3_Master.xdc:68]
CRITICAL WARNING: [Common 17-55] 'set_property' expects at least one object. [/home/josecoelho/Documents/IST/PSD/Labs/Lab3/psd-proj3/Lab3.srcs/constrs_1/imports/Files/Basys3_Master.xdc:68]
Resolution: If [get_<value>] was used to populate the object, check to make sure this command returns at least one valid object.
WARNING: [Vivado 12-584] No ports matched 'led[11]'. [/home/josecoelho/Documents/IST/PSD/Labs/Lab3/psd-proj3/Lab3.srcs/constrs_1/imports/Files/Basys3_Master.xdc:69]
CRITICAL WARNING: [Common 17-55] 'set_property' expects at least one object. [/home/josecoelho/Documents/IST/PSD/Labs/Lab3/psd-proj3/Lab3.srcs/constrs_1/imports/Files/Basys3_Master.xdc:69]
Resolution: If [get_<value>] was used to populate the object, check to make sure this command returns at least one valid object.
WARNING: [Vivado 12-584] No ports matched 'led[11]'. [/home/josecoelho/Documents/IST/PSD/Labs/Lab3/psd-proj3/Lab3.srcs/constrs_1/imports/Files/Basys3_Master.xdc:70]
CRITICAL WARNING: [Common 17-55] 'set_property' expects at least one object. [/home/josecoelho/Documents/IST/PSD/Labs/Lab3/psd-proj3/Lab3.srcs/constrs_1/imports/Files/Basys3_Master.xdc:70]
Resolution: If [get_<value>] was used to populate the object, check to make sure this command returns at least one valid object.
WARNING: [Vivado 12-584] No ports matched 'led[12]'. [/home/josecoelho/Documents/IST/PSD/Labs/Lab3/psd-proj3/Lab3.srcs/constrs_1/imports/Files/Basys3_Master.xdc:71]
CRITICAL WARNING: [Common 17-55] 'set_property' expects at least one object. [/home/josecoelho/Documents/IST/PSD/Labs/Lab3/psd-proj3/Lab3.srcs/constrs_1/imports/Files/Basys3_Master.xdc:71]
Resolution: If [get_<value>] was used to populate the object, check to make sure this command returns at least one valid object.
WARNING: [Vivado 12-584] No ports matched 'led[12]'. [/home/josecoelho/Documents/IST/PSD/Labs/Lab3/psd-proj3/Lab3.srcs/constrs_1/imports/Files/Basys3_Master.xdc:72]
CRITICAL WARNING: [Common 17-55] 'set_property' expects at least one object. [/home/josecoelho/Documents/IST/PSD/Labs/Lab3/psd-proj3/Lab3.srcs/constrs_1/imports/Files/Basys3_Master.xdc:72]
Resolution: If [get_<value>] was used to populate the object, check to make sure this command returns at least one valid object.
WARNING: [Vivado 12-584] No ports matched 'led[13]'. [/home/josecoelho/Documents/IST/PSD/Labs/Lab3/psd-proj3/Lab3.srcs/constrs_1/imports/Files/Basys3_Master.xdc:73]
CRITICAL WARNING: [Common 17-55] 'set_property' expects at least one object. [/home/josecoelho/Documents/IST/PSD/Labs/Lab3/psd-proj3/Lab3.srcs/constrs_1/imports/Files/Basys3_Master.xdc:73]
Resolution: If [get_<value>] was used to populate the object, check to make sure this command returns at least one valid object.
WARNING: [Vivado 12-584] No ports matched 'led[13]'. [/home/josecoelho/Documents/IST/PSD/Labs/Lab3/psd-proj3/Lab3.srcs/constrs_1/imports/Files/Basys3_Master.xdc:74]
CRITICAL WARNING: [Common 17-55] 'set_property' expects at least one object. [/home/josecoelho/Documents/IST/PSD/Labs/Lab3/psd-proj3/Lab3.srcs/constrs_1/imports/Files/Basys3_Master.xdc:74]
Resolution: If [get_<value>] was used to populate the object, check to make sure this command returns at least one valid object.
WARNING: [Vivado 12-584] No ports matched 'led[14]'. [/home/josecoelho/Documents/IST/PSD/Labs/Lab3/psd-proj3/Lab3.srcs/constrs_1/imports/Files/Basys3_Master.xdc:75]
CRITICAL WARNING: [Common 17-55] 'set_property' expects at least one object. [/home/josecoelho/Documents/IST/PSD/Labs/Lab3/psd-proj3/Lab3.srcs/constrs_1/imports/Files/Basys3_Master.xdc:75]
Resolution: If [get_<value>] was used to populate the object, check to make sure this command returns at least one valid object.
WARNING: [Vivado 12-584] No ports matched 'led[14]'. [/home/josecoelho/Documents/IST/PSD/Labs/Lab3/psd-proj3/Lab3.srcs/constrs_1/imports/Files/Basys3_Master.xdc:76]
CRITICAL WARNING: [Common 17-55] 'set_property' expects at least one object. [/home/josecoelho/Documents/IST/PSD/Labs/Lab3/psd-proj3/Lab3.srcs/constrs_1/imports/Files/Basys3_Master.xdc:76]
Resolution: If [get_<value>] was used to populate the object, check to make sure this command returns at least one valid object.
WARNING: [Vivado 12-584] No ports matched 'led[15]'. [/home/josecoelho/Documents/IST/PSD/Labs/Lab3/psd-proj3/Lab3.srcs/constrs_1/imports/Files/Basys3_Master.xdc:77]
CRITICAL WARNING: [Common 17-55] 'set_property' expects at least one object. [/home/josecoelho/Documents/IST/PSD/Labs/Lab3/psd-proj3/Lab3.srcs/constrs_1/imports/Files/Basys3_Master.xdc:77]
Resolution: If [get_<value>] was used to populate the object, check to make sure this command returns at least one valid object.
WARNING: [Vivado 12-584] No ports matched 'led[15]'. [/home/josecoelho/Documents/IST/PSD/Labs/Lab3/psd-proj3/Lab3.srcs/constrs_1/imports/Files/Basys3_Master.xdc:78]
CRITICAL WARNING: [Common 17-55] 'set_property' expects at least one object. [/home/josecoelho/Documents/IST/PSD/Labs/Lab3/psd-proj3/Lab3.srcs/constrs_1/imports/Files/Basys3_Master.xdc:78]
Resolution: If [get_<value>] was used to populate the object, check to make sure this command returns at least one valid object.
WARNING: [Vivado 12-584] No ports matched 'seg[0]'. [/home/josecoelho/Documents/IST/PSD/Labs/Lab3/psd-proj3/Lab3.srcs/constrs_1/imports/Files/Basys3_Master.xdc:82]
CRITICAL WARNING: [Common 17-55] 'set_property' expects at least one object. [/home/josecoelho/Documents/IST/PSD/Labs/Lab3/psd-proj3/Lab3.srcs/constrs_1/imports/Files/Basys3_Master.xdc:82]
Resolution: If [get_<value>] was used to populate the object, check to make sure this command returns at least one valid object.
WARNING: [Vivado 12-584] No ports matched 'seg[0]'. [/home/josecoelho/Documents/IST/PSD/Labs/Lab3/psd-proj3/Lab3.srcs/constrs_1/imports/Files/Basys3_Master.xdc:83]
CRITICAL WARNING: [Common 17-55] 'set_property' expects at least one object. [/home/josecoelho/Documents/IST/PSD/Labs/Lab3/psd-proj3/Lab3.srcs/constrs_1/imports/Files/Basys3_Master.xdc:83]
Resolution: If [get_<value>] was used to populate the object, check to make sure this command returns at least one valid object.
WARNING: [Vivado 12-584] No ports matched 'seg[1]'. [/home/josecoelho/Documents/IST/PSD/Labs/Lab3/psd-proj3/Lab3.srcs/constrs_1/imports/Files/Basys3_Master.xdc:84]
CRITICAL WARNING: [Common 17-55] 'set_property' expects at least one object. [/home/josecoelho/Documents/IST/PSD/Labs/Lab3/psd-proj3/Lab3.srcs/constrs_1/imports/Files/Basys3_Master.xdc:84]
Resolution: If [get_<value>] was used to populate the object, check to make sure this command returns at least one valid object.
WARNING: [Vivado 12-584] No ports matched 'seg[1]'. [/home/josecoelho/Documents/IST/PSD/Labs/Lab3/psd-proj3/Lab3.srcs/constrs_1/imports/Files/Basys3_Master.xdc:85]
CRITICAL WARNING: [Common 17-55] 'set_property' expects at least one object. [/home/josecoelho/Documents/IST/PSD/Labs/Lab3/psd-proj3/Lab3.srcs/constrs_1/imports/Files/Basys3_Master.xdc:85]
Resolution: If [get_<value>] was used to populate the object, check to make sure this command returns at least one valid object.
WARNING: [Vivado 12-584] No ports matched 'seg[2]'. [/home/josecoelho/Documents/IST/PSD/Labs/Lab3/psd-proj3/Lab3.srcs/constrs_1/imports/Files/Basys3_Master.xdc:86]
CRITICAL WARNING: [Common 17-55] 'set_property' expects at least one object. [/home/josecoelho/Documents/IST/PSD/Labs/Lab3/psd-proj3/Lab3.srcs/constrs_1/imports/Files/Basys3_Master.xdc:86]
Resolution: If [get_<value>] was used to populate the object, check to make sure this command returns at least one valid object.
WARNING: [Vivado 12-584] No ports matched 'seg[2]'. [/home/josecoelho/Documents/IST/PSD/Labs/Lab3/psd-proj3/Lab3.srcs/constrs_1/imports/Files/Basys3_Master.xdc:87]
CRITICAL WARNING: [Common 17-55] 'set_property' expects at least one object. [/home/josecoelho/Documents/IST/PSD/Labs/Lab3/psd-proj3/Lab3.srcs/constrs_1/imports/Files/Basys3_Master.xdc:87]
Resolution: If [get_<value>] was used to populate the object, check to make sure this command returns at least one valid object.
WARNING: [Vivado 12-584] No ports matched 'seg[3]'. [/home/josecoelho/Documents/IST/PSD/Labs/Lab3/psd-proj3/Lab3.srcs/constrs_1/imports/Files/Basys3_Master.xdc:88]
CRITICAL WARNING: [Common 17-55] 'set_property' expects at least one object. [/home/josecoelho/Documents/IST/PSD/Labs/Lab3/psd-proj3/Lab3.srcs/constrs_1/imports/Files/Basys3_Master.xdc:88]
Resolution: If [get_<value>] was used to populate the object, check to make sure this command returns at least one valid object.
WARNING: [Vivado 12-584] No ports matched 'seg[3]'. [/home/josecoelho/Documents/IST/PSD/Labs/Lab3/psd-proj3/Lab3.srcs/constrs_1/imports/Files/Basys3_Master.xdc:89]
CRITICAL WARNING: [Common 17-55] 'set_property' expects at least one object. [/home/josecoelho/Documents/IST/PSD/Labs/Lab3/psd-proj3/Lab3.srcs/constrs_1/imports/Files/Basys3_Master.xdc:89]
Resolution: If [get_<value>] was used to populate the object, check to make sure this command returns at least one valid object.
WARNING: [Vivado 12-584] No ports matched 'seg[4]'. [/home/josecoelho/Documents/IST/PSD/Labs/Lab3/psd-proj3/Lab3.srcs/constrs_1/imports/Files/Basys3_Master.xdc:90]
CRITICAL WARNING: [Common 17-55] 'set_property' expects at least one object. [/home/josecoelho/Documents/IST/PSD/Labs/Lab3/psd-proj3/Lab3.srcs/constrs_1/imports/Files/Basys3_Master.xdc:90]
Resolution: If [get_<value>] was used to populate the object, check to make sure this command returns at least one valid object.
WARNING: [Vivado 12-584] No ports matched 'seg[4]'. [/home/josecoelho/Documents/IST/PSD/Labs/Lab3/psd-proj3/Lab3.srcs/constrs_1/imports/Files/Basys3_Master.xdc:91]
CRITICAL WARNING: [Common 17-55] 'set_property' expects at least one object. [/home/josecoelho/Documents/IST/PSD/Labs/Lab3/psd-proj3/Lab3.srcs/constrs_1/imports/Files/Basys3_Master.xdc:91]
Resolution: If [get_<value>] was used to populate the object, check to make sure this command returns at least one valid object.
WARNING: [Vivado 12-584] No ports matched 'seg[5]'. [/home/josecoelho/Documents/IST/PSD/Labs/Lab3/psd-proj3/Lab3.srcs/constrs_1/imports/Files/Basys3_Master.xdc:92]
CRITICAL WARNING: [Common 17-55] 'set_property' expects at least one object. [/home/josecoelho/Documents/IST/PSD/Labs/Lab3/psd-proj3/Lab3.srcs/constrs_1/imports/Files/Basys3_Master.xdc:92]
Resolution: If [get_<value>] was used to populate the object, check to make sure this command returns at least one valid object.
WARNING: [Vivado 12-584] No ports matched 'seg[5]'. [/home/josecoelho/Documents/IST/PSD/Labs/Lab3/psd-proj3/Lab3.srcs/constrs_1/imports/Files/Basys3_Master.xdc:93]
CRITICAL WARNING: [Common 17-55] 'set_property' expects at least one object. [/home/josecoelho/Documents/IST/PSD/Labs/Lab3/psd-proj3/Lab3.srcs/constrs_1/imports/Files/Basys3_Master.xdc:93]
Resolution: If [get_<value>] was used to populate the object, check to make sure this command returns at least one valid object.
WARNING: [Vivado 12-584] No ports matched 'seg[6]'. [/home/josecoelho/Documents/IST/PSD/Labs/Lab3/psd-proj3/Lab3.srcs/constrs_1/imports/Files/Basys3_Master.xdc:94]
CRITICAL WARNING: [Common 17-55] 'set_property' expects at least one object. [/home/josecoelho/Documents/IST/PSD/Labs/Lab3/psd-proj3/Lab3.srcs/constrs_1/imports/Files/Basys3_Master.xdc:94]
Resolution: If [get_<value>] was used to populate the object, check to make sure this command returns at least one valid object.
WARNING: [Vivado 12-584] No ports matched 'seg[6]'. [/home/josecoelho/Documents/IST/PSD/Labs/Lab3/psd-proj3/Lab3.srcs/constrs_1/imports/Files/Basys3_Master.xdc:95]
CRITICAL WARNING: [Common 17-55] 'set_property' expects at least one object. [/home/josecoelho/Documents/IST/PSD/Labs/Lab3/psd-proj3/Lab3.srcs/constrs_1/imports/Files/Basys3_Master.xdc:95]
Resolution: If [get_<value>] was used to populate the object, check to make sure this command returns at least one valid object.
WARNING: [Vivado 12-584] No ports matched 'dp'. [/home/josecoelho/Documents/IST/PSD/Labs/Lab3/psd-proj3/Lab3.srcs/constrs_1/imports/Files/Basys3_Master.xdc:97]
CRITICAL WARNING: [Common 17-55] 'set_property' expects at least one object. [/home/josecoelho/Documents/IST/PSD/Labs/Lab3/psd-proj3/Lab3.srcs/constrs_1/imports/Files/Basys3_Master.xdc:97]
Resolution: If [get_<value>] was used to populate the object, check to make sure this command returns at least one valid object.
WARNING: [Vivado 12-584] No ports matched 'dp'. [/home/josecoelho/Documents/IST/PSD/Labs/Lab3/psd-proj3/Lab3.srcs/constrs_1/imports/Files/Basys3_Master.xdc:98]
CRITICAL WARNING: [Common 17-55] 'set_property' expects at least one object. [/home/josecoelho/Documents/IST/PSD/Labs/Lab3/psd-proj3/Lab3.srcs/constrs_1/imports/Files/Basys3_Master.xdc:98]
Resolution: If [get_<value>] was used to populate the object, check to make sure this command returns at least one valid object.
WARNING: [Vivado 12-584] No ports matched 'an[0]'. [/home/josecoelho/Documents/IST/PSD/Labs/Lab3/psd-proj3/Lab3.srcs/constrs_1/imports/Files/Basys3_Master.xdc:100]
CRITICAL WARNING: [Common 17-55] 'set_property' expects at least one object. [/home/josecoelho/Documents/IST/PSD/Labs/Lab3/psd-proj3/Lab3.srcs/constrs_1/imports/Files/Basys3_Master.xdc:100]
Resolution: If [get_<value>] was used to populate the object, check to make sure this command returns at least one valid object.
WARNING: [Vivado 12-584] No ports matched 'an[0]'. [/home/josecoelho/Documents/IST/PSD/Labs/Lab3/psd-proj3/Lab3.srcs/constrs_1/imports/Files/Basys3_Master.xdc:101]
CRITICAL WARNING: [Common 17-55] 'set_property' expects at least one object. [/home/josecoelho/Documents/IST/PSD/Labs/Lab3/psd-proj3/Lab3.srcs/constrs_1/imports/Files/Basys3_Master.xdc:101]
Resolution: If [get_<value>] was used to populate the object, check to make sure this command returns at least one valid object.
WARNING: [Vivado 12-584] No ports matched 'an[1]'. [/home/josecoelho/Documents/IST/PSD/Labs/Lab3/psd-proj3/Lab3.srcs/constrs_1/imports/Files/Basys3_Master.xdc:102]
CRITICAL WARNING: [Common 17-55] 'set_property' expects at least one object. [/home/josecoelho/Documents/IST/PSD/Labs/Lab3/psd-proj3/Lab3.srcs/constrs_1/imports/Files/Basys3_Master.xdc:102]
Resolution: If [get_<value>] was used to populate the object, check to make sure this command returns at least one valid object.
WARNING: [Vivado 12-584] No ports matched 'an[1]'. [/home/josecoelho/Documents/IST/PSD/Labs/Lab3/psd-proj3/Lab3.srcs/constrs_1/imports/Files/Basys3_Master.xdc:103]
CRITICAL WARNING: [Common 17-55] 'set_property' expects at least one object. [/home/josecoelho/Documents/IST/PSD/Labs/Lab3/psd-proj3/Lab3.srcs/constrs_1/imports/Files/Basys3_Master.xdc:103]
Resolution: If [get_<value>] was used to populate the object, check to make sure this command returns at least one valid object.
WARNING: [Vivado 12-584] No ports matched 'an[2]'. [/home/josecoelho/Documents/IST/PSD/Labs/Lab3/psd-proj3/Lab3.srcs/constrs_1/imports/Files/Basys3_Master.xdc:104]
CRITICAL WARNING: [Common 17-55] 'set_property' expects at least one object. [/home/josecoelho/Documents/IST/PSD/Labs/Lab3/psd-proj3/Lab3.srcs/constrs_1/imports/Files/Basys3_Master.xdc:104]
Resolution: If [get_<value>] was used to populate the object, check to make sure this command returns at least one valid object.
WARNING: [Vivado 12-584] No ports matched 'an[2]'. [/home/josecoelho/Documents/IST/PSD/Labs/Lab3/psd-proj3/Lab3.srcs/constrs_1/imports/Files/Basys3_Master.xdc:105]
CRITICAL WARNING: [Common 17-55] 'set_property' expects at least one object. [/home/josecoelho/Documents/IST/PSD/Labs/Lab3/psd-proj3/Lab3.srcs/constrs_1/imports/Files/Basys3_Master.xdc:105]
Resolution: If [get_<value>] was used to populate the object, check to make sure this command returns at least one valid object.
WARNING: [Vivado 12-584] No ports matched 'an[3]'. [/home/josecoelho/Documents/IST/PSD/Labs/Lab3/psd-proj3/Lab3.srcs/constrs_1/imports/Files/Basys3_Master.xdc:106]
CRITICAL WARNING: [Common 17-55] 'set_property' expects at least one object. [/home/josecoelho/Documents/IST/PSD/Labs/Lab3/psd-proj3/Lab3.srcs/constrs_1/imports/Files/Basys3_Master.xdc:106]
Resolution: If [get_<value>] was used to populate the object, check to make sure this command returns at least one valid object.
WARNING: [Vivado 12-584] No ports matched 'an[3]'. [/home/josecoelho/Documents/IST/PSD/Labs/Lab3/psd-proj3/Lab3.srcs/constrs_1/imports/Files/Basys3_Master.xdc:107]
CRITICAL WARNING: [Common 17-55] 'set_property' expects at least one object. [/home/josecoelho/Documents/IST/PSD/Labs/Lab3/psd-proj3/Lab3.srcs/constrs_1/imports/Files/Basys3_Master.xdc:107]
Resolution: If [get_<value>] was used to populate the object, check to make sure this command returns at least one valid object.
WARNING: [Vivado 12-584] No ports matched 'btnC'. [/home/josecoelho/Documents/IST/PSD/Labs/Lab3/psd-proj3/Lab3.srcs/constrs_1/imports/Files/Basys3_Master.xdc:111]
CRITICAL WARNING: [Common 17-55] 'set_property' expects at least one object. [/home/josecoelho/Documents/IST/PSD/Labs/Lab3/psd-proj3/Lab3.srcs/constrs_1/imports/Files/Basys3_Master.xdc:111]
Resolution: If [get_<value>] was used to populate the object, check to make sure this command returns at least one valid object.
WARNING: [Vivado 12-584] No ports matched 'btnC'. [/home/josecoelho/Documents/IST/PSD/Labs/Lab3/psd-proj3/Lab3.srcs/constrs_1/imports/Files/Basys3_Master.xdc:112]
CRITICAL WARNING: [Common 17-55] 'set_property' expects at least one object. [/home/josecoelho/Documents/IST/PSD/Labs/Lab3/psd-proj3/Lab3.srcs/constrs_1/imports/Files/Basys3_Master.xdc:112]
Resolution: If [get_<value>] was used to populate the object, check to make sure this command returns at least one valid object.
WARNING: [Vivado 12-584] No ports matched 'btnU'. [/home/josecoelho/Documents/IST/PSD/Labs/Lab3/psd-proj3/Lab3.srcs/constrs_1/imports/Files/Basys3_Master.xdc:113]
CRITICAL WARNING: [Common 17-55] 'set_property' expects at least one object. [/home/josecoelho/Documents/IST/PSD/Labs/Lab3/psd-proj3/Lab3.srcs/constrs_1/imports/Files/Basys3_Master.xdc:113]
Resolution: If [get_<value>] was used to populate the object, check to make sure this command returns at least one valid object.
WARNING: [Vivado 12-584] No ports matched 'btnU'. [/home/josecoelho/Documents/IST/PSD/Labs/Lab3/psd-proj3/Lab3.srcs/constrs_1/imports/Files/Basys3_Master.xdc:114]
CRITICAL WARNING: [Common 17-55] 'set_property' expects at least one object. [/home/josecoelho/Documents/IST/PSD/Labs/Lab3/psd-proj3/Lab3.srcs/constrs_1/imports/Files/Basys3_Master.xdc:114]
Resolution: If [get_<value>] was used to populate the object, check to make sure this command returns at least one valid object.
WARNING: [Vivado 12-584] No ports matched 'btnL'. [/home/josecoelho/Documents/IST/PSD/Labs/Lab3/psd-proj3/Lab3.srcs/constrs_1/imports/Files/Basys3_Master.xdc:115]
CRITICAL WARNING: [Common 17-55] 'set_property' expects at least one object. [/home/josecoelho/Documents/IST/PSD/Labs/Lab3/psd-proj3/Lab3.srcs/constrs_1/imports/Files/Basys3_Master.xdc:115]
Resolution: If [get_<value>] was used to populate the object, check to make sure this command returns at least one valid object.
WARNING: [Vivado 12-584] No ports matched 'btnL'. [/home/josecoelho/Documents/IST/PSD/Labs/Lab3/psd-proj3/Lab3.srcs/constrs_1/imports/Files/Basys3_Master.xdc:116]
CRITICAL WARNING: [Common 17-55] 'set_property' expects at least one object. [/home/josecoelho/Documents/IST/PSD/Labs/Lab3/psd-proj3/Lab3.srcs/constrs_1/imports/Files/Basys3_Master.xdc:116]
Resolution: If [get_<value>] was used to populate the object, check to make sure this command returns at least one valid object.
WARNING: [Vivado 12-584] No ports matched 'btnR'. [/home/josecoelho/Documents/IST/PSD/Labs/Lab3/psd-proj3/Lab3.srcs/constrs_1/imports/Files/Basys3_Master.xdc:117]
CRITICAL WARNING: [Common 17-55] 'set_property' expects at least one object. [/home/josecoelho/Documents/IST/PSD/Labs/Lab3/psd-proj3/Lab3.srcs/constrs_1/imports/Files/Basys3_Master.xdc:117]
Resolution: If [get_<value>] was used to populate the object, check to make sure this command returns at least one valid object.
WARNING: [Vivado 12-584] No ports matched 'btnR'. [/home/josecoelho/Documents/IST/PSD/Labs/Lab3/psd-proj3/Lab3.srcs/constrs_1/imports/Files/Basys3_Master.xdc:118]
CRITICAL WARNING: [Common 17-55] 'set_property' expects at least one object. [/home/josecoelho/Documents/IST/PSD/Labs/Lab3/psd-proj3/Lab3.srcs/constrs_1/imports/Files/Basys3_Master.xdc:118]
Resolution: If [get_<value>] was used to populate the object, check to make sure this command returns at least one valid object.
WARNING: [Vivado 12-584] No ports matched 'btnD'. [/home/josecoelho/Documents/IST/PSD/Labs/Lab3/psd-proj3/Lab3.srcs/constrs_1/imports/Files/Basys3_Master.xdc:119]
INFO: [Common 17-14] Message 'Vivado 12-584' appears 100 times and further instances of the messages will be disabled. Use the Tcl command set_msg_config to change the current settings. [/home/josecoelho/Documents/IST/PSD/Labs/Lab3/psd-proj3/Lab3.srcs/constrs_1/imports/Files/Basys3_Master.xdc:119]
CRITICAL WARNING: [Common 17-55] 'set_property' expects at least one object. [/home/josecoelho/Documents/IST/PSD/Labs/Lab3/psd-proj3/Lab3.srcs/constrs_1/imports/Files/Basys3_Master.xdc:119]
Resolution: If [get_<value>] was used to populate the object, check to make sure this command returns at least one valid object.
CRITICAL WARNING: [Common 17-55] 'set_property' expects at least one object. [/home/josecoelho/Documents/IST/PSD/Labs/Lab3/psd-proj3/Lab3.srcs/constrs_1/imports/Files/Basys3_Master.xdc:120]
Resolution: If [get_<value>] was used to populate the object, check to make sure this command returns at least one valid object.
Finished Parsing XDC File [/home/josecoelho/Documents/IST/PSD/Labs/Lab3/psd-proj3/Lab3.srcs/constrs_1/imports/Files/Basys3_Master.xdc]
Completed Processing XDC Constraints

INFO: [Project 1-111] Unisim Transformation Summary:
No Unisim elements were transformed.

WARNING: [Constraints 18-5210] No constraint will be written out.
Constraint Validation Runtime : Time (s): cpu = 00:00:00.05 ; elapsed = 00:00:00.08 . Memory (MB): peak = 1591.883 ; gain = 0.000 ; free physical = 1199 ; free virtual = 8748
---------------------------------------------------------------------------------
Finished Constraint Validation : Time (s): cpu = 00:00:10 ; elapsed = 00:00:19 . Memory (MB): peak = 1591.883 ; gain = 431.840 ; free physical = 1262 ; free virtual = 8811
---------------------------------------------------------------------------------
---------------------------------------------------------------------------------
Start Loading Part and Timing Information
---------------------------------------------------------------------------------
Loading part: xc7a35tcpg236-1
---------------------------------------------------------------------------------
Finished Loading Part and Timing Information : Time (s): cpu = 00:00:10 ; elapsed = 00:00:19 . Memory (MB): peak = 1591.883 ; gain = 431.840 ; free physical = 1262 ; free virtual = 8811
---------------------------------------------------------------------------------
---------------------------------------------------------------------------------
Start Applying 'set_property' XDC Constraints
---------------------------------------------------------------------------------
---------------------------------------------------------------------------------
Finished applying 'set_property' XDC Constraints : Time (s): cpu = 00:00:10 ; elapsed = 00:00:19 . Memory (MB): peak = 1591.883 ; gain = 431.840 ; free physical = 1263 ; free virtual = 8813
---------------------------------------------------------------------------------
---------------------------------------------------------------------------------
Finished RTL Optimization Phase 2 : Time (s): cpu = 00:00:10 ; elapsed = 00:00:19 . Memory (MB): peak = 1591.883 ; gain = 431.840 ; free physical = 1263 ; free virtual = 8813
---------------------------------------------------------------------------------

Report RTL Partitions: 
+-+--------------+------------+----------+
| |RTL Partition |Replication |Instances |
+-+--------------+------------+----------+
+-+--------------+------------+----------+
---------------------------------------------------------------------------------
Start RTL Component Statistics 
---------------------------------------------------------------------------------
Detailed RTL Component Info : 
+---Adders : 
	   3 Input     17 Bit       Adders := 4     
---------------------------------------------------------------------------------
Finished RTL Component Statistics 
---------------------------------------------------------------------------------
---------------------------------------------------------------------------------
Start RTL Hierarchical Component Statistics 
---------------------------------------------------------------------------------
Hierarchical RTL Component report 
Module feature_comparator 
Detailed RTL Component Info : 
+---Adders : 
	   3 Input     17 Bit       Adders := 1     
---------------------------------------------------------------------------------
Finished RTL Hierarchical Component Statistics
---------------------------------------------------------------------------------
---------------------------------------------------------------------------------
Start Part Resource Summary
---------------------------------------------------------------------------------
Part Resources:
DSPs: 90 (col length:60)
BRAMs: 100 (col length: RAMB18 60 RAMB36 30)
---------------------------------------------------------------------------------
Finished Part Resource Summary
---------------------------------------------------------------------------------
---------------------------------------------------------------------------------
Start Cross Boundary and Area Optimization
---------------------------------------------------------------------------------
Warning: Parallel synthesis criteria is not met 
WARNING: [Synth 8-3330] design datapath has an empty top module
WARNING: [Synth 8-3331] design datapath has unconnected port train_instance_features[63]
WARNING: [Synth 8-3331] design datapath has unconnected port train_instance_features[62]
WARNING: [Synth 8-3331] design datapath has unconnected port train_instance_features[61]
WARNING: [Synth 8-3331] design datapath has unconnected port train_instance_features[60]
WARNING: [Synth 8-3331] design datapath has unconnected port train_instance_features[59]
WARNING: [Synth 8-3331] design datapath has unconnected port train_instance_features[58]
WARNING: [Synth 8-3331] design datapath has unconnected port train_instance_features[57]
WARNING: [Synth 8-3331] design datapath has unconnected port train_instance_features[56]
WARNING: [Synth 8-3331] design datapath has unconnected port train_instance_features[55]
WARNING: [Synth 8-3331] design datapath has unconnected port train_instance_features[54]
WARNING: [Synth 8-3331] design datapath has unconnected port train_instance_features[53]
WARNING: [Synth 8-3331] design datapath has unconnected port train_instance_features[52]
WARNING: [Synth 8-3331] design datapath has unconnected port train_instance_features[51]
WARNING: [Synth 8-3331] design datapath has unconnected port train_instance_features[50]
WARNING: [Synth 8-3331] design datapath has unconnected port train_instance_features[49]
WARNING: [Synth 8-3331] design datapath has unconnected port train_instance_features[48]
WARNING: [Synth 8-3331] design datapath has unconnected port train_instance_features[47]
WARNING: [Synth 8-3331] design datapath has unconnected port train_instance_features[46]
WARNING: [Synth 8-3331] design datapath has unconnected port train_instance_features[45]
WARNING: [Synth 8-3331] design datapath has unconnected port train_instance_features[44]
WARNING: [Synth 8-3331] design datapath has unconnected port train_instance_features[43]
WARNING: [Synth 8-3331] design datapath has unconnected port train_instance_features[42]
WARNING: [Synth 8-3331] design datapath has unconnected port train_instance_features[41]
WARNING: [Synth 8-3331] design datapath has unconnected port train_instance_features[40]
WARNING: [Synth 8-3331] design datapath has unconnected port train_instance_features[39]
WARNING: [Synth 8-3331] design datapath has unconnected port train_instance_features[38]
WARNING: [Synth 8-3331] design datapath has unconnected port train_instance_features[37]
WARNING: [Synth 8-3331] design datapath has unconnected port train_instance_features[36]
WARNING: [Synth 8-3331] design datapath has unconnected port train_instance_features[35]
WARNING: [Synth 8-3331] design datapath has unconnected port train_instance_features[34]
WARNING: [Synth 8-3331] design datapath has unconnected port train_instance_features[33]
WARNING: [Synth 8-3331] design datapath has unconnected port train_instance_features[32]
WARNING: [Synth 8-3331] design datapath has unconnected port train_instance_features[31]
WARNING: [Synth 8-3331] design datapath has unconnected port train_instance_features[30]
WARNING: [Synth 8-3331] design datapath has unconnected port train_instance_features[29]
WARNING: [Synth 8-3331] design datapath has unconnected port train_instance_features[28]
WARNING: [Synth 8-3331] design datapath has unconnected port train_instance_features[27]
WARNING: [Synth 8-3331] design datapath has unconnected port train_instance_features[26]
WARNING: [Synth 8-3331] design datapath has unconnected port train_instance_features[25]
WARNING: [Synth 8-3331] design datapath has unconnected port train_instance_features[24]
WARNING: [Synth 8-3331] design datapath has unconnected port train_instance_features[23]
WARNING: [Synth 8-3331] design datapath has unconnected port train_instance_features[22]
WARNING: [Synth 8-3331] design datapath has unconnected port train_instance_features[21]
WARNING: [Synth 8-3331] design datapath has unconnected port train_instance_features[20]
WARNING: [Synth 8-3331] design datapath has unconnected port train_instance_features[19]
WARNING: [Synth 8-3331] design datapath has unconnected port train_instance_features[18]
WARNING: [Synth 8-3331] design datapath has unconnected port train_instance_features[17]
WARNING: [Synth 8-3331] design datapath has unconnected port train_instance_features[16]
WARNING: [Synth 8-3331] design datapath has unconnected port train_instance_features[15]
WARNING: [Synth 8-3331] design datapath has unconnected port train_instance_features[14]
WARNING: [Synth 8-3331] design datapath has unconnected port train_instance_features[13]
WARNING: [Synth 8-3331] design datapath has unconnected port train_instance_features[12]
WARNING: [Synth 8-3331] design datapath has unconnected port train_instance_features[11]
WARNING: [Synth 8-3331] design datapath has unconnected port train_instance_features[10]
WARNING: [Synth 8-3331] design datapath has unconnected port train_instance_features[9]
WARNING: [Synth 8-3331] design datapath has unconnected port train_instance_features[8]
WARNING: [Synth 8-3331] design datapath has unconnected port train_instance_features[7]
WARNING: [Synth 8-3331] design datapath has unconnected port train_instance_features[6]
WARNING: [Synth 8-3331] design datapath has unconnected port train_instance_features[5]
WARNING: [Synth 8-3331] design datapath has unconnected port train_instance_features[4]
WARNING: [Synth 8-3331] design datapath has unconnected port train_instance_features[3]
WARNING: [Synth 8-3331] design datapath has unconnected port train_instance_features[2]
WARNING: [Synth 8-3331] design datapath has unconnected port train_instance_features[1]
WARNING: [Synth 8-3331] design datapath has unconnected port train_instance_features[0]
WARNING: [Synth 8-3331] design datapath has unconnected port train_instance_class[1]
WARNING: [Synth 8-3331] design datapath has unconnected port train_instance_class[0]
WARNING: [Synth 8-3331] design datapath has unconnected port test_instance_features[63]
WARNING: [Synth 8-3331] design datapath has unconnected port test_instance_features[62]
WARNING: [Synth 8-3331] design datapath has unconnected port test_instance_features[61]
WARNING: [Synth 8-3331] design datapath has unconnected port test_instance_features[60]
WARNING: [Synth 8-3331] design datapath has unconnected port test_instance_features[59]
WARNING: [Synth 8-3331] design datapath has unconnected port test_instance_features[58]
WARNING: [Synth 8-3331] design datapath has unconnected port test_instance_features[57]
WARNING: [Synth 8-3331] design datapath has unconnected port test_instance_features[56]
WARNING: [Synth 8-3331] design datapath has unconnected port test_instance_features[55]
WARNING: [Synth 8-3331] design datapath has unconnected port test_instance_features[54]
WARNING: [Synth 8-3331] design datapath has unconnected port test_instance_features[53]
WARNING: [Synth 8-3331] design datapath has unconnected port test_instance_features[52]
WARNING: [Synth 8-3331] design datapath has unconnected port test_instance_features[51]
WARNING: [Synth 8-3331] design datapath has unconnected port test_instance_features[50]
WARNING: [Synth 8-3331] design datapath has unconnected port test_instance_features[49]
WARNING: [Synth 8-3331] design datapath has unconnected port test_instance_features[48]
WARNING: [Synth 8-3331] design datapath has unconnected port test_instance_features[47]
WARNING: [Synth 8-3331] design datapath has unconnected port test_instance_features[46]
WARNING: [Synth 8-3331] design datapath has unconnected port test_instance_features[45]
WARNING: [Synth 8-3331] design datapath has unconnected port test_instance_features[44]
WARNING: [Synth 8-3331] design datapath has unconnected port test_instance_features[43]
WARNING: [Synth 8-3331] design datapath has unconnected port test_instance_features[42]
WARNING: [Synth 8-3331] design datapath has unconnected port test_instance_features[41]
WARNING: [Synth 8-3331] design datapath has unconnected port test_instance_features[40]
WARNING: [Synth 8-3331] design datapath has unconnected port test_instance_features[39]
WARNING: [Synth 8-3331] design datapath has unconnected port test_instance_features[38]
WARNING: [Synth 8-3331] design datapath has unconnected port test_instance_features[37]
WARNING: [Synth 8-3331] design datapath has unconnected port test_instance_features[36]
WARNING: [Synth 8-3331] design datapath has unconnected port test_instance_features[35]
WARNING: [Synth 8-3331] design datapath has unconnected port test_instance_features[34]
WARNING: [Synth 8-3331] design datapath has unconnected port test_instance_features[33]
WARNING: [Synth 8-3331] design datapath has unconnected port test_instance_features[32]
INFO: [Common 17-14] Message 'Synth 8-3331' appears 100 times and further instances of the messages will be disabled. Use the Tcl command set_msg_config to change the current settings.
---------------------------------------------------------------------------------
Finished Cross Boundary and Area Optimization : Time (s): cpu = 00:00:11 ; elapsed = 00:00:19 . Memory (MB): peak = 1591.883 ; gain = 431.840 ; free physical = 1262 ; free virtual = 8813
---------------------------------------------------------------------------------

Report RTL Partitions: 
+-+--------------+------------+----------+
| |RTL Partition |Replication |Instances |
+-+--------------+------------+----------+
+-+--------------+------------+----------+
---------------------------------------------------------------------------------
Start Applying XDC Timing Constraints
---------------------------------------------------------------------------------
---------------------------------------------------------------------------------
Finished Applying XDC Timing Constraints : Time (s): cpu = 00:00:16 ; elapsed = 00:00:27 . Memory (MB): peak = 1591.883 ; gain = 431.840 ; free physical = 1134 ; free virtual = 8692
---------------------------------------------------------------------------------
---------------------------------------------------------------------------------
Start Timing Optimization
---------------------------------------------------------------------------------
---------------------------------------------------------------------------------
Finished Timing Optimization : Time (s): cpu = 00:00:16 ; elapsed = 00:00:27 . Memory (MB): peak = 1591.883 ; gain = 431.840 ; free physical = 1134 ; free virtual = 8692
---------------------------------------------------------------------------------

Report RTL Partitions: 
+-+--------------+------------+----------+
| |RTL Partition |Replication |Instances |
+-+--------------+------------+----------+
+-+--------------+------------+----------+
---------------------------------------------------------------------------------
Start Technology Mapping
---------------------------------------------------------------------------------
---------------------------------------------------------------------------------
Finished Technology Mapping : Time (s): cpu = 00:00:16 ; elapsed = 00:00:27 . Memory (MB): peak = 1591.883 ; gain = 431.840 ; free physical = 1134 ; free virtual = 8691
---------------------------------------------------------------------------------

Report RTL Partitions: 
+-+--------------+------------+----------+
| |RTL Partition |Replication |Instances |
+-+--------------+------------+----------+
+-+--------------+------------+----------+
---------------------------------------------------------------------------------
Start IO Insertion
---------------------------------------------------------------------------------
---------------------------------------------------------------------------------
Start Flattening Before IO Insertion
---------------------------------------------------------------------------------
---------------------------------------------------------------------------------
Finished Flattening Before IO Insertion
---------------------------------------------------------------------------------
---------------------------------------------------------------------------------
Start Final Netlist Cleanup
---------------------------------------------------------------------------------
---------------------------------------------------------------------------------
Finished Final Netlist Cleanup
---------------------------------------------------------------------------------
---------------------------------------------------------------------------------
Finished IO Insertion : Time (s): cpu = 00:00:17 ; elapsed = 00:00:27 . Memory (MB): peak = 1591.883 ; gain = 431.840 ; free physical = 1135 ; free virtual = 8692
---------------------------------------------------------------------------------

Report Check Netlist: 
+------+------------------+-------+---------+-------+------------------+
|      |Item              |Errors |Warnings |Status |Description       |
+------+------------------+-------+---------+-------+------------------+
|1     |multi_driven_nets |      0|        0|Passed |Multi driven nets |
+------+------------------+-------+---------+-------+------------------+
---------------------------------------------------------------------------------
Start Renaming Generated Instances
---------------------------------------------------------------------------------
---------------------------------------------------------------------------------
Finished Renaming Generated Instances : Time (s): cpu = 00:00:17 ; elapsed = 00:00:27 . Memory (MB): peak = 1591.883 ; gain = 431.840 ; free physical = 1135 ; free virtual = 8692
---------------------------------------------------------------------------------

Report RTL Partitions: 
+-+--------------+------------+----------+
| |RTL Partition |Replication |Instances |
+-+--------------+------------+----------+
+-+--------------+------------+----------+
---------------------------------------------------------------------------------
Start Rebuilding User Hierarchy
---------------------------------------------------------------------------------
---------------------------------------------------------------------------------
Finished Rebuilding User Hierarchy : Time (s): cpu = 00:00:17 ; elapsed = 00:00:27 . Memory (MB): peak = 1591.883 ; gain = 431.840 ; free physical = 1135 ; free virtual = 8692
---------------------------------------------------------------------------------
---------------------------------------------------------------------------------
Start Renaming Generated Ports
---------------------------------------------------------------------------------
---------------------------------------------------------------------------------
Finished Renaming Generated Ports : Time (s): cpu = 00:00:17 ; elapsed = 00:00:27 . Memory (MB): peak = 1591.883 ; gain = 431.840 ; free physical = 1135 ; free virtual = 8692
---------------------------------------------------------------------------------
---------------------------------------------------------------------------------
Start Handling Custom Attributes
---------------------------------------------------------------------------------
---------------------------------------------------------------------------------
Finished Handling Custom Attributes : Time (s): cpu = 00:00:17 ; elapsed = 00:00:27 . Memory (MB): peak = 1591.883 ; gain = 431.840 ; free physical = 1135 ; free virtual = 8692
---------------------------------------------------------------------------------
---------------------------------------------------------------------------------
Start Renaming Generated Nets
---------------------------------------------------------------------------------
---------------------------------------------------------------------------------
Finished Renaming Generated Nets : Time (s): cpu = 00:00:17 ; elapsed = 00:00:27 . Memory (MB): peak = 1591.883 ; gain = 431.840 ; free physical = 1135 ; free virtual = 8692
---------------------------------------------------------------------------------
---------------------------------------------------------------------------------
Start Writing Synthesis Report
---------------------------------------------------------------------------------

Report BlackBoxes: 
+-+--------------+----------+
| |BlackBox name |Instances |
+-+--------------+----------+
+-+--------------+----------+

Report Cell Usage: 
+-+-----+------+
| |Cell |Count |
+-+-----+------+
+-+-----+------+

Report Instance Areas: 
+------+---------+-------+------+
|      |Instance |Module |Cells |
+------+---------+-------+------+
|1     |top      |       |     0|
+------+---------+-------+------+
---------------------------------------------------------------------------------
Finished Writing Synthesis Report : Time (s): cpu = 00:00:17 ; elapsed = 00:00:27 . Memory (MB): peak = 1591.883 ; gain = 431.840 ; free physical = 1135 ; free virtual = 8692
---------------------------------------------------------------------------------
Synthesis finished with 0 errors, 0 critical warnings and 131 warnings.
Synthesis Optimization Runtime : Time (s): cpu = 00:00:11 ; elapsed = 00:00:13 . Memory (MB): peak = 1591.883 ; gain = 125.488 ; free physical = 1187 ; free virtual = 8744
Synthesis Optimization Complete : Time (s): cpu = 00:00:17 ; elapsed = 00:00:27 . Memory (MB): peak = 1591.883 ; gain = 431.840 ; free physical = 1187 ; free virtual = 8744
INFO: [Project 1-571] Translating synthesized netlist
INFO: [Project 1-570] Preparing netlist for logic optimization
INFO: [Opt 31-138] Pushed 0 inverter(s) to 0 load pin(s).
INFO: [Project 1-111] Unisim Transformation Summary:
No Unisim elements were transformed.

INFO: [Common 17-83] Releasing license: Synthesis
19 Infos, 202 Warnings, 101 Critical Warnings and 0 Errors encountered.
synth_design completed successfully
synth_design: Time (s): cpu = 00:00:18 ; elapsed = 00:00:28 . Memory (MB): peak = 1591.883 ; gain = 431.977 ; free physical = 1174 ; free virtual = 8731
WARNING: [Constraints 18-5210] No constraint will be written out.
INFO: [Common 17-1381] The checkpoint '/home/josecoelho/Documents/IST/PSD/Labs/Lab3/psd-proj3/Lab3.runs/synth_1/datapath.dcp' has been generated.
INFO: [runtcl-4] Executing : report_utilization -file datapath_utilization_synth.rpt -pb datapath_utilization_synth.pb
report_utilization: Time (s): cpu = 00:00:00.08 ; elapsed = 00:00:00.10 . Memory (MB): peak = 1591.883 ; gain = 0.000 ; free physical = 1173 ; free virtual = 8730
INFO: [Common 17-206] Exiting Vivado at Wed Dec 12 18:22:48 2018...
